Added Component: Designator=BE(Header2_hc5.08)
Added Component: Designator=C1(CAP_0603_16*08)
Added Component: Designator=C2(CAP_0603_16*08)
Added Component: Designator=C3(CAP_0603_16*08)
Added Component: Designator=C4(CAP_0603_16*08)
Added Component: Designator=C5(CAP_0603_16*08)
Added Component: Designator=C6(CAP_0603_16*08)
Added Component: Designator=C7(CAP_0603_16*08)
Added Component: Designator=C8(CAP_0603_16*08)
Added Component: Designator=C9(CAP_0603_16*08)
Added Component: Designator=C10(CAP_0805_20*12)
Added Component: Designator=C11(CAP_0805_20*12)
Added Component: Designator=C12(CAP_0603_16*08)
Added Component: Designator=C13(220UF/50V)
Added Component: Designator=C14(CAP_0805_20*12)
Added Component: Designator=C15(CAP_0603_16*08)
Added Component: Designator=C20(CAP_0603_16*08)
Added Component: Designator=C21(CAP_0603_16*08)
Added Component: Designator=C22(CAP_0603_16*08)
Added Component: Designator=C23(CAP_0603_16*08)
Added Component: Designator=C24(CAP_0603_16*08)
Added Component: Designator=C25(100uF/50V)
Added Component: Designator=C26(100uF/50V)
Added Component: Designator=C27(CAP_0603_16*08)
Added Component: Designator=C28(CAP_0603_16*08)
Added Component: Designator=C38(CAP_0805_20*12)
Added Component: Designator=C39(CAP_0603_16*08)
Added Component: Designator=C40(CAP_0603_16*08)
Added Component: Designator=C41(CAP_0603_16*08)
Added Component: Designator=C42(CAP_0603_16*08)
Added Component: Designator=Ce1(Cap_Elec)
Added Component: Designator=Ce2(Cap_Elec)
Added Component: Designator=D0(LED_0805)
Added Component: Designator=D1(LED_0805)
Added Component: Designator=D2(SOD323)
Added Component: Designator=D3(SOD523)
Added Component: Designator=D4(CAP_0603_16*08)
Added Component: Designator=D5(SOD323)
Added Component: Designator=D6(SOD323)
Added Component: Designator=D7(SOD323)
Added Component: Designator=D8(SOD323)
Added Component: Designator=D9(SOD323)
Added Component: Designator=D10(SOD323)
Added Component: Designator=D11(SOD323)
Added Component: Designator=D12(SOD323)
Added Component: Designator=D13(SOD323)
Added Component: Designator=D14(SOD523)
Added Component: Designator=D15(SOD323)
Added Component: Designator=D16(SOD323)
Added Component: Designator=D17(SOD323)
Added Component: Designator=D18(SOD323)
Added Component: Designator=D19(SOD323)
Added Component: Designator=D20(SOD323)
Added Component: Designator=D21(SOD323)
Added Component: Designator=D22(SOD323)
Added Component: Designator=D23(SOD323)
Added Component: Designator=D24(SOD323)
Added Component: Designator=D25(SOD323)
Added Component: Designator=D26(SOD323)
Added Component: Designator=D27(SOD323)
Added Component: Designator=DAC1(DIP-8)
Added Component: Designator=DAC2(DIP-8)
Added Component: Designator=DAC3(DIP-8)
Added Component: Designator=DAC4(DIP-8)
Added Component: Designator=DK(Diode1206)
Added Component: Designator=F1(FUSE3.5*5.5)
Added Component: Designator=F2(RES_0805_20*12)
Added Component: Designator=F3(RES_0805_20*12)
Added Component: Designator=F4(CAP_1206)
Added Component: Designator=H0(PAD)
Added Component: Designator=H1(PAD)
Added Component: Designator=H2(PAD)
Added Component: Designator=H3(PAD)
Added Component: Designator=IC1(DIP-16)
Added Component: Designator=IC2(DIP-16)
Added Component: Designator=IC3(DIP-16)
Added Component: Designator=IC4(DIP-16)
Added Component: Designator=IC5(DIP-4)
Added Component: Designator=J1(Header2_press)
Added Component: Designator=J2(Header2_press)
Added Component: Designator=J3(Header2_press)
Added Component: Designator=J4(Header2_press)
Added Component: Designator=J5(Header2_press)
Added Component: Designator=J6(Header2_press)
Added Component: Designator=J7(Header2_press)
Added Component: Designator=J8(Header2_press)
Added Component: Designator=J9(Header2_press)
Added Component: Designator=J10(Header2_press)
Added Component: Designator=J11(Header2_press)
Added Component: Designator=J12(Header2_press)
Added Component: Designator=J13(Header2_press)
Added Component: Designator=J14(Header2_press)
Added Component: Designator=J15(Header2_press)
Added Component: Designator=J16(Header2_press)
Added Component: Designator=J17(Header2_press)
Added Component: Designator=J18(Header2_press)
Added Component: Designator=J19(Header2_press)
Added Component: Designator=J20(Header2_press)
Added Component: Designator=J21(Header2_press)
Added Component: Designator=J22(Header2_press)
Added Component: Designator=JS5(Header2_press)
Added Component: Designator=JS24(Header2_press)
Added Component: Designator=K0(KEY_4)
Added Component: Designator=K1(OMRON_delay)
Added Component: Designator=L1(IND_0805_20*12)
Added Component: Designator=L2(IND_0805_20*12)
Added Component: Designator=LED3(CAP_0603_16*08)
Added Component: Designator=LED5(CAP_0603_16*08)
Added Component: Designator=LED6(CAP_0603_16*08)
Added Component: Designator=P1(P4_OUT)
Added Component: Designator=P2(HEADER1*3_PIN)
Added Component: Designator=P3(HEADER1*4_PIN)
Added Component: Designator=P4(HEADER1*7_PIN)
Added Component: Designator=P5(Header5_KF2510)
Added Component: Designator=P6(HEADER1*4_PIN)
Added Component: Designator=P7(HEADER1*3_PIN)
Added Component: Designator=P9(Header9_HC5.08)
Added Component: Designator=P10(HEADER1*4_PIN)
Added Component: Designator=P11(HEADER4_HC5.08)
Added Component: Designator=P12(Header3_HC5.08)
Added Component: Designator=P13(Header3_HC5.08)
Added Component: Designator=P14(Header3_HC5.08)
Added Component: Designator=P15(Header3_HC5.08)
Added Component: Designator=P16(Header3_HC5.08)
Added Component: Designator=P17(Header3_HC5.08)
Added Component: Designator=P18(HEADER2*3_PIN)
Added Component: Designator=Q1(SOT-23_N)
Added Component: Designator=R1(RES_0603_16*08)
Added Component: Designator=R2(RES_0603_16*08)
Added Component: Designator=R3(RES_0603_16*08)
Added Component: Designator=R4(RES_0805_20*12)
Added Component: Designator=R5(RES_0603_16*08)
Added Component: Designator=R6(RES_0603_16*08)
Added Component: Designator=R7(RES_0603_16*08)
Added Component: Designator=R8(RES_0603_16*08)
Added Component: Designator=R9(RES_0603_16*08)
Added Component: Designator=R10(RES_0603_16*08)
Added Component: Designator=R11(RES_0603_16*08)
Added Component: Designator=R12(RES_0603_16*08)
Added Component: Designator=R13(RES_0805_20*12)
Added Component: Designator=R14(RES_0805_20*12)
Added Component: Designator=R15(RES_0603_16*08)
Added Component: Designator=R16(RES_0805_20*12)
Added Component: Designator=R17(RES_0805_20*12)
Added Component: Designator=R18(RES_0805_20*12)
Added Component: Designator=R19(RES_0805_20*12)
Added Component: Designator=R20(RES_0805_20*12)
Added Component: Designator=R21(RES_0805_20*12)
Added Component: Designator=R22(RES_0805_20*12)
Added Component: Designator=R23(RES_0805_20*12)
Added Component: Designator=R24(RES_0805_20*12)
Added Component: Designator=R25(RES_0805_20*12)
Added Component: Designator=R26(RES_0805_20*12)
Added Component: Designator=R27(RES_0805_20*12)
Added Component: Designator=R28(RES_0805_20*12)
Added Component: Designator=R29(RES_0805_20*12)
Added Component: Designator=R30(RES_0805_20*12)
Added Component: Designator=R31(RES_0805_20*12)
Added Component: Designator=R32(RES_0805_20*12)
Added Component: Designator=R33(RES_0805_20*12)
Added Component: Designator=R34(RES_0805_20*12)
Added Component: Designator=R35(RES_0805_20*12)
Added Component: Designator=R36(RES_0805_20*12)
Added Component: Designator=R37(RES_0402_10*06)
Added Component: Designator=R38(RES_0402_10*06)
Added Component: Designator=R40(RES_0805_20*12)
Added Component: Designator=R41(RES_0805_20*12)
Added Component: Designator=R42(RES_0603_16*08)
Added Component: Designator=R43(RES_0603_16*08)
Added Component: Designator=R44(RES_0805_20*12)
Added Component: Designator=Rf1(RES_FOUR_0603)
Added Component: Designator=Rf2(RES_FOUR_0603)
Added Component: Designator=Rf3(RES_FOUR_0603)
Added Component: Designator=Rf4(RES_FOUR_0603)
Added Component: Designator=Rf5(RES_FOUR_0603)
Added Component: Designator=Rf6(RES_FOUR_0603)
Added Component: Designator=Rf7(RES_FOUR_0603)
Added Component: Designator=Rf8(RES_FOUR_0603)
Added Component: Designator=U1(LQFP64_N)
Added Component: Designator=U2(SOT223_M)
Added Component: Designator=U3(SOT223_M)
Added Component: Designator=U6(SOP16)
Added Component: Designator=U7(DIP-8)
Added Component: Designator=U8(DIP-8)
Added Component: Designator=USB_SLAVE1(USB/SM0.8-6H5)
Added Component: Designator=W_1(SOT95P250-5N)
Added Component: Designator=Y1(XTAL_US)
Added Component: Designator=Y2(¾§Õñ)
Added Pin To Net: NetName=165CLK Pin=IC1-2
Added Pin To Net: NetName=165CLK Pin=IC2-2
Added Pin To Net: NetName=165CLK Pin=IC3-2
Added Pin To Net: NetName=165CLK Pin=IC4-2
Added Pin To Net: NetName=165CLK Pin=U1-61
Added Net: Name=165CLK
Added Pin To Net: NetName=165DATA Pin=IC5-4
Added Pin To Net: NetName=165DATA Pin=R35-1
Added Pin To Net: NetName=165DATA Pin=U1-29
Added Net: Name=165DATA
Added Pin To Net: NetName=165SH Pin=IC1-1
Added Pin To Net: NetName=165SH Pin=IC2-1
Added Pin To Net: NetName=165SH Pin=IC3-1
Added Pin To Net: NetName=165SH Pin=IC4-1
Added Pin To Net: NetName=165SH Pin=U1-62
Added Net: Name=165SH
Added Pin To Net: NetName=595LOAD Pin=P5-5
Added Pin To Net: NetName=595LOAD Pin=U1-57
Added Net: Name=595LOAD
Added Pin To Net: NetName=595SCL Pin=P5-4
Added Pin To Net: NetName=595SCL Pin=U1-58
Added Net: Name=595SCL
Added Pin To Net: NetName=595SDK Pin=P5-3
Added Pin To Net: NetName=595SDK Pin=U1-59
Added Net: Name=595SDK
Added Pin To Net: NetName=ADC1 Pin=P12-2
Added Pin To Net: NetName=ADC1 Pin=U1-8
Added Net: Name=ADC1
Added Pin To Net: NetName=ADC2 Pin=P13-2
Added Pin To Net: NetName=ADC2 Pin=U1-9
Added Net: Name=ADC2
Added Pin To Net: NetName=ADC3 Pin=P14-2
Added Pin To Net: NetName=ADC3 Pin=U1-10
Added Net: Name=ADC3
Added Pin To Net: NetName=ADC4 Pin=P15-2
Added Pin To Net: NetName=ADC4 Pin=U1-11
Added Net: Name=ADC4
Added Pin To Net: NetName=ADC5 Pin=P16-2
Added Pin To Net: NetName=ADC5 Pin=U1-24
Added Net: Name=ADC5
Added Pin To Net: NetName=ADC6 Pin=P17-2
Added Pin To Net: NetName=ADC6 Pin=U1-25
Added Net: Name=ADC6
Added Pin To Net: NetName=AGND Pin=DAC1-5
Added Pin To Net: NetName=AGND Pin=DAC2-5
Added Pin To Net: NetName=AGND Pin=DAC3-5
Added Pin To Net: NetName=AGND Pin=DAC4-5
Added Pin To Net: NetName=AGND Pin=P11-1
Added Pin To Net: NetName=AGND Pin=P12-3
Added Pin To Net: NetName=AGND Pin=P13-3
Added Pin To Net: NetName=AGND Pin=P14-3
Added Pin To Net: NetName=AGND Pin=P15-3
Added Pin To Net: NetName=AGND Pin=P16-3
Added Pin To Net: NetName=AGND Pin=P17-3
Added Pin To Net: NetName=AGND Pin=P18-2
Added Pin To Net: NetName=AGND Pin=P18-5
Added Pin To Net: NetName=AGND Pin=R37-2
Added Pin To Net: NetName=AGND Pin=U7-4
Added Pin To Net: NetName=AGND Pin=U8-4
Added Net: Name=AGND
Added Pin To Net: NetName=BEEP Pin=R42-1
Added Pin To Net: NetName=BEEP Pin=U1-56
Added Net: Name=BEEP
Added Pin To Net: NetName=BOOT0 Pin=P2-2
Added Pin To Net: NetName=BOOT0 Pin=R2-1
Added Net: Name=BOOT0
Added Pin To Net: NetName=CH1 Pin=IC4-11
Added Pin To Net: NetName=CH1 Pin=P9-2
Added Pin To Net: NetName=CH1 Pin=Rf7-1
Added Net: Name=CH1
Added Pin To Net: NetName=CH2 Pin=IC4-12
Added Pin To Net: NetName=CH2 Pin=P9-3
Added Pin To Net: NetName=CH2 Pin=Rf7-2
Added Net: Name=CH2
Added Pin To Net: NetName=CH3 Pin=IC4-13
Added Pin To Net: NetName=CH3 Pin=P9-4
Added Pin To Net: NetName=CH3 Pin=Rf7-3
Added Net: Name=CH3
Added Pin To Net: NetName=CH4 Pin=IC4-14
Added Pin To Net: NetName=CH4 Pin=P9-5
Added Pin To Net: NetName=CH4 Pin=Rf7-4
Added Net: Name=CH4
Added Pin To Net: NetName=CH5 Pin=IC4-3
Added Pin To Net: NetName=CH5 Pin=P9-6
Added Pin To Net: NetName=CH5 Pin=Rf8-1
Added Net: Name=CH5
Added Pin To Net: NetName=CH6 Pin=IC4-4
Added Pin To Net: NetName=CH6 Pin=P9-7
Added Pin To Net: NetName=CH6 Pin=Rf8-2
Added Net: Name=CH6
Added Pin To Net: NetName=CH7 Pin=IC4-5
Added Pin To Net: NetName=CH7 Pin=P9-8
Added Pin To Net: NetName=CH7 Pin=Rf8-3
Added Net: Name=CH7
Added Pin To Net: NetName=CH8 Pin=IC4-6
Added Pin To Net: NetName=CH8 Pin=P9-9
Added Pin To Net: NetName=CH8 Pin=Rf8-4
Added Net: Name=CH8
Added Pin To Net: NetName=CH340_D+ Pin=U6-5
Added Pin To Net: NetName=CH340_D+ Pin=USB_SLAVE1-3
Added Net: Name=CH340_D+
Added Pin To Net: NetName=CH340_D- Pin=U6-6
Added Pin To Net: NetName=CH340_D- Pin=USB_SLAVE1-2
Added Net: Name=CH340_D-
Added Pin To Net: NetName=DAC_CS1 Pin=DAC1-3
Added Pin To Net: NetName=DAC_CS1 Pin=U1-16
Added Net: Name=DAC_CS1
Added Pin To Net: NetName=DAC_CS2 Pin=DAC2-3
Added Pin To Net: NetName=DAC_CS2 Pin=U1-17
Added Net: Name=DAC_CS2
Added Pin To Net: NetName=DAC_CS3 Pin=DAC3-3
Added Pin To Net: NetName=DAC_CS3 Pin=U1-39
Added Net: Name=DAC_CS3
Added Pin To Net: NetName=DAC_CS4 Pin=DAC4-3
Added Pin To Net: NetName=DAC_CS4 Pin=U1-40
Added Net: Name=DAC_CS4
Added Pin To Net: NetName=DAC_IN Pin=DAC1-1
Added Pin To Net: NetName=DAC_IN Pin=DAC2-1
Added Pin To Net: NetName=DAC_IN Pin=DAC3-1
Added Pin To Net: NetName=DAC_IN Pin=DAC4-1
Added Pin To Net: NetName=DAC_IN Pin=U1-23
Added Net: Name=DAC_IN
Added Pin To Net: NetName=DAC_SCLK Pin=DAC1-2
Added Pin To Net: NetName=DAC_SCLK Pin=DAC2-2
Added Pin To Net: NetName=DAC_SCLK Pin=DAC3-2
Added Pin To Net: NetName=DAC_SCLK Pin=DAC4-2
Added Pin To Net: NetName=DAC_SCLK Pin=U1-21
Added Net: Name=DAC_SCLK
Added Pin To Net: NetName=GND Pin=BE-2
Added Pin To Net: NetName=GND Pin=C1-2
Added Pin To Net: NetName=GND Pin=C2-2
Added Pin To Net: NetName=GND Pin=C3-2
Added Pin To Net: NetName=GND Pin=C4-1
Added Pin To Net: NetName=GND Pin=C5-1
Added Pin To Net: NetName=GND Pin=C6-2
Added Pin To Net: NetName=GND Pin=C7-2
Added Pin To Net: NetName=GND Pin=C8-1
Added Pin To Net: NetName=GND Pin=C11-2
Added Pin To Net: NetName=GND Pin=C12-2
Added Pin To Net: NetName=GND Pin=C13-2
Added Pin To Net: NetName=GND Pin=C24-2
Added Pin To Net: NetName=GND Pin=C25-2
Added Pin To Net: NetName=GND Pin=C26-2
Added Pin To Net: NetName=GND Pin=C27-1
Added Pin To Net: NetName=GND Pin=C28-2
Added Pin To Net: NetName=GND Pin=C38-2
Added Pin To Net: NetName=GND Pin=C39-1
Added Pin To Net: NetName=GND Pin=C40-2
Added Pin To Net: NetName=GND Pin=C41-1
Added Pin To Net: NetName=GND Pin=C42-1
Added Pin To Net: NetName=GND Pin=Ce1-2
Added Pin To Net: NetName=GND Pin=Ce2-2
Added Pin To Net: NetName=GND Pin=D2-1
Added Pin To Net: NetName=GND Pin=D3-1
Added Pin To Net: NetName=GND Pin=D5-1
Added Pin To Net: NetName=GND Pin=D6-1
Added Pin To Net: NetName=GND Pin=D7-1
Added Pin To Net: NetName=GND Pin=D8-1
Added Pin To Net: NetName=GND Pin=D9-1
Added Pin To Net: NetName=GND Pin=D10-1
Added Pin To Net: NetName=GND Pin=D11-1
Added Pin To Net: NetName=GND Pin=D12-1
Added Pin To Net: NetName=GND Pin=D13-1
Added Pin To Net: NetName=GND Pin=D16-1
Added Pin To Net: NetName=GND Pin=D17-1
Added Pin To Net: NetName=GND Pin=D18-1
Added Pin To Net: NetName=GND Pin=D19-1
Added Pin To Net: NetName=GND Pin=D20-1
Added Pin To Net: NetName=GND Pin=D21-1
Added Pin To Net: NetName=GND Pin=D22-1
Added Pin To Net: NetName=GND Pin=D23-1
Added Pin To Net: NetName=GND Pin=D24-1
Added Pin To Net: NetName=GND Pin=D25-1
Added Pin To Net: NetName=GND Pin=D26-1
Added Pin To Net: NetName=GND Pin=D27-1
Added Pin To Net: NetName=GND Pin=IC1-8
Added Pin To Net: NetName=GND Pin=IC1-15
Added Pin To Net: NetName=GND Pin=IC2-8
Added Pin To Net: NetName=GND Pin=IC2-15
Added Pin To Net: NetName=GND Pin=IC3-8
Added Pin To Net: NetName=GND Pin=IC3-15
Added Pin To Net: NetName=GND Pin=IC4-8
Added Pin To Net: NetName=GND Pin=IC4-15
Added Pin To Net: NetName=GND Pin=IC5-3
Added Pin To Net: NetName=GND Pin=JS5-2
Added Pin To Net: NetName=GND Pin=JS24-2
Added Pin To Net: NetName=GND Pin=K0-1
Added Pin To Net: NetName=GND Pin=L2-1
Added Pin To Net: NetName=GND Pin=LED3-2
Added Pin To Net: NetName=GND Pin=P1-1
Added Pin To Net: NetName=GND Pin=P2-1
Added Pin To Net: NetName=GND Pin=P3-4
Added Pin To Net: NetName=GND Pin=P4-1
Added Pin To Net: NetName=GND Pin=P5-2
Added Pin To Net: NetName=GND Pin=Q1-3
Added Pin To Net: NetName=GND Pin=R1-1
Added Pin To Net: NetName=GND Pin=R15-2
Added Pin To Net: NetName=GND Pin=R43-2
Added Pin To Net: NetName=GND Pin=Rf1-5
Added Pin To Net: NetName=GND Pin=Rf1-6
Added Pin To Net: NetName=GND Pin=Rf1-7
Added Pin To Net: NetName=GND Pin=Rf1-8
Added Pin To Net: NetName=GND Pin=Rf2-5
Added Pin To Net: NetName=GND Pin=Rf2-6
Added Pin To Net: NetName=GND Pin=Rf2-7
Added Pin To Net: NetName=GND Pin=Rf2-8
Added Pin To Net: NetName=GND Pin=Rf3-5
Added Pin To Net: NetName=GND Pin=Rf3-6
Added Pin To Net: NetName=GND Pin=Rf3-7
Added Pin To Net: NetName=GND Pin=Rf3-8
Added Pin To Net: NetName=GND Pin=Rf4-5
Added Pin To Net: NetName=GND Pin=Rf4-6
Added Pin To Net: NetName=GND Pin=Rf4-7
Added Pin To Net: NetName=GND Pin=Rf4-8
Added Pin To Net: NetName=GND Pin=Rf5-5
Added Pin To Net: NetName=GND Pin=Rf5-6
Added Pin To Net: NetName=GND Pin=Rf5-7
Added Pin To Net: NetName=GND Pin=Rf5-8
Added Pin To Net: NetName=GND Pin=Rf6-5
Added Pin To Net: NetName=GND Pin=Rf6-6
Added Pin To Net: NetName=GND Pin=Rf6-7
Added Pin To Net: NetName=GND Pin=Rf6-8
Added Pin To Net: NetName=GND Pin=Rf7-5
Added Pin To Net: NetName=GND Pin=Rf7-6
Added Pin To Net: NetName=GND Pin=Rf7-7
Added Pin To Net: NetName=GND Pin=Rf7-8
Added Pin To Net: NetName=GND Pin=Rf8-5
Added Pin To Net: NetName=GND Pin=Rf8-6
Added Pin To Net: NetName=GND Pin=Rf8-7
Added Pin To Net: NetName=GND Pin=Rf8-8
Added Pin To Net: NetName=GND Pin=U1-18
Added Pin To Net: NetName=GND Pin=U1-31
Added Pin To Net: NetName=GND Pin=U1-47
Added Pin To Net: NetName=GND Pin=U1-63
Added Pin To Net: NetName=GND Pin=U2-1
Added Pin To Net: NetName=GND Pin=U3-1
Added Pin To Net: NetName=GND Pin=U6-1
Added Pin To Net: NetName=GND Pin=USB_SLAVE1-5
Added Pin To Net: NetName=GND Pin=W_1-2
Added Net: Name=GND
Added Pin To Net: NetName=INT1 Pin=D26-2
Added Pin To Net: NetName=INT1 Pin=R40-1
Added Pin To Net: NetName=INT1 Pin=U1-14
Added Net: Name=INT1
Added Pin To Net: NetName=INT2 Pin=D27-2
Added Pin To Net: NetName=INT2 Pin=R41-1
Added Pin To Net: NetName=INT2 Pin=U1-15
Added Net: Name=INT2
Added Pin To Net: NetName=LED0 Pin=D0-2
Added Pin To Net: NetName=LED0 Pin=U1-54
Added Net: Name=LED0
Added Pin To Net: NetName=LED1 Pin=D1-2
Added Pin To Net: NetName=LED1 Pin=U1-55
Added Net: Name=LED1
Added Pin To Net: NetName=LIINE21 Pin=IC3-3
Added Pin To Net: NetName=LIINE21 Pin=P10-4
Added Pin To Net: NetName=LIINE21 Pin=Rf6-1
Added Net: Name=LIINE21
Added Pin To Net: NetName=LIINE22 Pin=IC3-4
Added Pin To Net: NetName=LIINE22 Pin=P10-3
Added Pin To Net: NetName=LIINE22 Pin=Rf6-2
Added Net: Name=LIINE22
Added Pin To Net: NetName=LIINE23 Pin=IC3-5
Added Pin To Net: NetName=LIINE23 Pin=P10-2
Added Pin To Net: NetName=LIINE23 Pin=Rf6-3
Added Net: Name=LIINE23
Added Pin To Net: NetName=LIINE24 Pin=IC3-6
Added Pin To Net: NetName=LIINE24 Pin=P10-1
Added Pin To Net: NetName=LIINE24 Pin=Rf6-4
Added Net: Name=LIINE24
Added Pin To Net: NetName=LINE1 Pin=D2-2
Added Pin To Net: NetName=LINE1 Pin=IC1-11
Added Pin To Net: NetName=LINE1 Pin=R13-1
Added Pin To Net: NetName=LINE1 Pin=Rf1-1
Added Net: Name=LINE1
Added Pin To Net: NetName=LINE2 Pin=D5-2
Added Pin To Net: NetName=LINE2 Pin=IC1-12
Added Pin To Net: NetName=LINE2 Pin=R14-1
Added Pin To Net: NetName=LINE2 Pin=Rf1-2
Added Net: Name=LINE2
Added Pin To Net: NetName=LINE3 Pin=D6-2
Added Pin To Net: NetName=LINE3 Pin=IC1-13
Added Pin To Net: NetName=LINE3 Pin=R16-1
Added Pin To Net: NetName=LINE3 Pin=Rf1-3
Added Net: Name=LINE3
Added Pin To Net: NetName=LINE4 Pin=D7-2
Added Pin To Net: NetName=LINE4 Pin=IC1-14
Added Pin To Net: NetName=LINE4 Pin=R17-1
Added Pin To Net: NetName=LINE4 Pin=Rf1-4
Added Net: Name=LINE4
Added Pin To Net: NetName=LINE5 Pin=D8-2
Added Pin To Net: NetName=LINE5 Pin=IC1-3
Added Pin To Net: NetName=LINE5 Pin=R18-1
Added Pin To Net: NetName=LINE5 Pin=Rf2-1
Added Net: Name=LINE5
Added Pin To Net: NetName=LINE6 Pin=D9-2
Added Pin To Net: NetName=LINE6 Pin=IC1-4
Added Pin To Net: NetName=LINE6 Pin=R19-1
Added Pin To Net: NetName=LINE6 Pin=Rf2-2
Added Net: Name=LINE6
Added Pin To Net: NetName=LINE7 Pin=D10-2
Added Pin To Net: NetName=LINE7 Pin=IC1-5
Added Pin To Net: NetName=LINE7 Pin=R20-1
Added Pin To Net: NetName=LINE7 Pin=Rf2-3
Added Net: Name=LINE7
Added Pin To Net: NetName=LINE8 Pin=D11-2
Added Pin To Net: NetName=LINE8 Pin=IC1-6
Added Pin To Net: NetName=LINE8 Pin=R21-1
Added Pin To Net: NetName=LINE8 Pin=Rf2-4
Added Net: Name=LINE8
Added Pin To Net: NetName=LINE9 Pin=D12-2
Added Pin To Net: NetName=LINE9 Pin=IC2-11
Added Pin To Net: NetName=LINE9 Pin=R22-1
Added Pin To Net: NetName=LINE9 Pin=Rf3-1
Added Net: Name=LINE9
Added Pin To Net: NetName=LINE10 Pin=D13-2
Added Pin To Net: NetName=LINE10 Pin=IC2-12
Added Pin To Net: NetName=LINE10 Pin=R23-1
Added Pin To Net: NetName=LINE10 Pin=Rf3-2
Added Net: Name=LINE10
Added Pin To Net: NetName=LINE11 Pin=D16-2
Added Pin To Net: NetName=LINE11 Pin=IC2-13
Added Pin To Net: NetName=LINE11 Pin=R24-1
Added Pin To Net: NetName=LINE11 Pin=Rf3-3
Added Net: Name=LINE11
Added Pin To Net: NetName=LINE12 Pin=D17-2
Added Pin To Net: NetName=LINE12 Pin=IC2-14
Added Pin To Net: NetName=LINE12 Pin=R25-1
Added Pin To Net: NetName=LINE12 Pin=Rf3-4
Added Net: Name=LINE12
Added Pin To Net: NetName=LINE13 Pin=D18-2
Added Pin To Net: NetName=LINE13 Pin=IC2-3
Added Pin To Net: NetName=LINE13 Pin=R26-1
Added Pin To Net: NetName=LINE13 Pin=Rf4-1
Added Net: Name=LINE13
Added Pin To Net: NetName=LINE14 Pin=D19-2
Added Pin To Net: NetName=LINE14 Pin=IC2-4
Added Pin To Net: NetName=LINE14 Pin=R27-1
Added Pin To Net: NetName=LINE14 Pin=Rf4-2
Added Net: Name=LINE14
Added Pin To Net: NetName=LINE15 Pin=D20-2
Added Pin To Net: NetName=LINE15 Pin=IC2-5
Added Pin To Net: NetName=LINE15 Pin=R28-1
Added Pin To Net: NetName=LINE15 Pin=Rf4-3
Added Net: Name=LINE15
Added Pin To Net: NetName=LINE16 Pin=D21-2
Added Pin To Net: NetName=LINE16 Pin=IC2-6
Added Pin To Net: NetName=LINE16 Pin=R29-1
Added Pin To Net: NetName=LINE16 Pin=Rf4-4
Added Net: Name=LINE16
Added Pin To Net: NetName=LINE17 Pin=D22-2
Added Pin To Net: NetName=LINE17 Pin=IC3-11
Added Pin To Net: NetName=LINE17 Pin=R30-1
Added Pin To Net: NetName=LINE17 Pin=Rf5-1
Added Net: Name=LINE17
Added Pin To Net: NetName=LINE18 Pin=D23-2
Added Pin To Net: NetName=LINE18 Pin=IC3-12
Added Pin To Net: NetName=LINE18 Pin=R31-1
Added Pin To Net: NetName=LINE18 Pin=Rf5-2
Added Net: Name=LINE18
Added Pin To Net: NetName=LINE19 Pin=D24-2
Added Pin To Net: NetName=LINE19 Pin=IC3-13
Added Pin To Net: NetName=LINE19 Pin=R32-1
Added Pin To Net: NetName=LINE19 Pin=Rf5-3
Added Net: Name=LINE19
Added Pin To Net: NetName=LINE20 Pin=D25-2
Added Pin To Net: NetName=LINE20 Pin=IC3-14
Added Pin To Net: NetName=LINE20 Pin=R33-1
Added Pin To Net: NetName=LINE20 Pin=Rf5-4
Added Net: Name=LINE20
Added Pin To Net: NetName=NetBE_1 Pin=BE-1
Added Pin To Net: NetName=NetBE_1 Pin=R44-2
Added Net: Name=NetBE_1
Added Pin To Net: NetName=NetC11_1 Pin=C11-1
Added Pin To Net: NetName=NetC11_1 Pin=D3-2
Added Pin To Net: NetName=NetC11_1 Pin=D4-1
Added Pin To Net: NetName=NetC11_1 Pin=F2-1
Added Pin To Net: NetName=NetC11_1 Pin=W_1-5
Added Net: Name=NetC11_1
Added Pin To Net: NetName=NetC12_1 Pin=C12-1
Added Pin To Net: NetName=NetC12_1 Pin=W_1-4
Added Net: Name=NetC12_1
Added Pin To Net: NetName=NetC14_1 Pin=C14-1
Added Pin To Net: NetName=NetC14_1 Pin=C14-2
Added Pin To Net: NetName=NetC14_1 Pin=C15-1
Added Pin To Net: NetName=NetC14_1 Pin=C15-2
Added Pin To Net: NetName=NetC14_1 Pin=D14-1
Added Pin To Net: NetName=NetC14_1 Pin=D15-1
Added Pin To Net: NetName=NetC14_1 Pin=F4-1
Added Pin To Net: NetName=NetC14_1 Pin=U2-2
Added Pin To Net: NetName=NetC14_1 Pin=U2-4
Added Pin To Net: NetName=NetC14_1 Pin=U3-2
Added Pin To Net: NetName=NetC14_1 Pin=U3-4
Added Net: Name=NetC14_1
Added Pin To Net: NetName=NetC20_1 Pin=C20-1
Added Pin To Net: NetName=NetC20_1 Pin=DAC1-8
Added Net: Name=NetC20_1
Added Pin To Net: NetName=NetC21_1 Pin=C21-1
Added Pin To Net: NetName=NetC21_1 Pin=DAC2-8
Added Net: Name=NetC21_1
Added Pin To Net: NetName=NetC22_1 Pin=C22-1
Added Pin To Net: NetName=NetC22_1 Pin=DAC3-8
Added Net: Name=NetC22_1
Added Pin To Net: NetName=NetC23_1 Pin=C23-1
Added Pin To Net: NetName=NetC23_1 Pin=DAC4-8
Added Net: Name=NetC23_1
Added Pin To Net: NetName=NetC25_1 Pin=C25-1
Added Pin To Net: NetName=NetC25_1 Pin=C27-2
Added Pin To Net: NetName=NetC25_1 Pin=Ce1-1
Added Pin To Net: NetName=NetC25_1 Pin=F1-1
Added Pin To Net: NetName=NetC25_1 Pin=JS5-1
Added Net: Name=NetC25_1
Added Pin To Net: NetName=NetC40_1 Pin=C40-1
Added Pin To Net: NetName=NetC40_1 Pin=U6-4
Added Net: Name=NetC40_1
Added Pin To Net: NetName=NetC41_2 Pin=C41-2
Added Pin To Net: NetName=NetC41_2 Pin=U6-8
Added Pin To Net: NetName=NetC41_2 Pin=Y1-1
Added Net: Name=NetC41_2
Added Pin To Net: NetName=NetC42_2 Pin=C42-2
Added Pin To Net: NetName=NetC42_2 Pin=U6-7
Added Pin To Net: NetName=NetC42_2 Pin=Y1-2
Added Net: Name=NetC42_2
Added Pin To Net: NetName=NetD0_1 Pin=D0-1
Added Pin To Net: NetName=NetD0_1 Pin=R9-2
Added Net: Name=NetD0_1
Added Pin To Net: NetName=NetD1_1 Pin=D1-1
Added Pin To Net: NetName=NetD1_1 Pin=R10-2
Added Net: Name=NetD1_1
Added Pin To Net: NetName=NetD4_2 Pin=D4-2
Added Pin To Net: NetName=NetD4_2 Pin=R15-1
Added Net: Name=NetD4_2
Added Pin To Net: NetName=NetDAC1_6 Pin=DAC1-6
Added Pin To Net: NetName=NetDAC1_6 Pin=DAC2-6
Added Pin To Net: NetName=NetDAC1_6 Pin=DAC3-6
Added Pin To Net: NetName=NetDAC1_6 Pin=DAC4-6
Added Pin To Net: NetName=NetDAC1_6 Pin=R37-1
Added Pin To Net: NetName=NetDAC1_6 Pin=R38-2
Added Net: Name=NetDAC1_6
Added Pin To Net: NetName=NetDAC1_7 Pin=DAC1-7
Added Pin To Net: NetName=NetDAC1_7 Pin=U7-3
Added Net: Name=NetDAC1_7
Added Pin To Net: NetName=NetDAC2_7 Pin=DAC2-7
Added Pin To Net: NetName=NetDAC2_7 Pin=U7-5
Added Net: Name=NetDAC2_7
Added Pin To Net: NetName=NetDAC3_7 Pin=DAC3-7
Added Pin To Net: NetName=NetDAC3_7 Pin=U8-3
Added Net: Name=NetDAC3_7
Added Pin To Net: NetName=NetDAC4_7 Pin=DAC4-7
Added Pin To Net: NetName=NetDAC4_7 Pin=U8-5
Added Net: Name=NetDAC4_7
Added Pin To Net: NetName=NetDK_1 Pin=DK-1
Added Pin To Net: NetName=NetDK_1 Pin=K1-8
Added Pin To Net: NetName=NetDK_1 Pin=Q1-1
Added Net: Name=NetDK_1
Added Pin To Net: NetName=NetF3_1 Pin=F3-1
Added Pin To Net: NetName=NetF3_1 Pin=USB_SLAVE1-1
Added Net: Name=NetF3_1
Added Pin To Net: NetName=NetIC1_9 Pin=IC1-9
Added Pin To Net: NetName=NetIC1_9 Pin=IC5-2
Added Pin To Net: NetName=NetIC1_9 Pin=R36-1
Added Net: Name=NetIC1_9
Added Pin To Net: NetName=NetIC1_10 Pin=IC1-10
Added Pin To Net: NetName=NetIC1_10 Pin=IC2-9
Added Net: Name=NetIC1_10
Added Pin To Net: NetName=NetIC2_10 Pin=IC2-10
Added Pin To Net: NetName=NetIC2_10 Pin=IC3-9
Added Net: Name=NetIC2_10
Added Pin To Net: NetName=NetIC3_10 Pin=IC3-10
Added Pin To Net: NetName=NetIC3_10 Pin=IC4-9
Added Net: Name=NetIC3_10
Added Pin To Net: NetName=NetIC5_1 Pin=IC5-1
Added Pin To Net: NetName=NetIC5_1 Pin=R34-2
Added Net: Name=NetIC5_1
Added Pin To Net: NetName=NetJ1_2 Pin=J1-2
Added Pin To Net: NetName=NetJ1_2 Pin=R13-2
Added Net: Name=NetJ1_2
Added Pin To Net: NetName=NetJ2_2 Pin=J2-2
Added Pin To Net: NetName=NetJ2_2 Pin=R14-2
Added Net: Name=NetJ2_2
Added Pin To Net: NetName=NetJ3_2 Pin=J3-2
Added Pin To Net: NetName=NetJ3_2 Pin=R16-2
Added Net: Name=NetJ3_2
Added Pin To Net: NetName=NetJ4_2 Pin=J4-2
Added Pin To Net: NetName=NetJ4_2 Pin=R17-2
Added Net: Name=NetJ4_2
Added Pin To Net: NetName=NetJ5_2 Pin=J5-2
Added Pin To Net: NetName=NetJ5_2 Pin=R18-2
Added Net: Name=NetJ5_2
Added Pin To Net: NetName=NetJ6_2 Pin=J6-2
Added Pin To Net: NetName=NetJ6_2 Pin=R19-2
Added Net: Name=NetJ6_2
Added Pin To Net: NetName=NetJ7_2 Pin=J7-2
Added Pin To Net: NetName=NetJ7_2 Pin=R20-2
Added Net: Name=NetJ7_2
Added Pin To Net: NetName=NetJ8_2 Pin=J8-2
Added Pin To Net: NetName=NetJ8_2 Pin=R21-2
Added Net: Name=NetJ8_2
Added Pin To Net: NetName=NetJ9_2 Pin=J9-2
Added Pin To Net: NetName=NetJ9_2 Pin=R22-2
Added Net: Name=NetJ9_2
Added Pin To Net: NetName=NetJ10_2 Pin=J10-2
Added Pin To Net: NetName=NetJ10_2 Pin=R23-2
Added Net: Name=NetJ10_2
Added Pin To Net: NetName=NetJ11_2 Pin=J11-2
Added Pin To Net: NetName=NetJ11_2 Pin=R24-2
Added Net: Name=NetJ11_2
Added Pin To Net: NetName=NetJ12_2 Pin=J12-2
Added Pin To Net: NetName=NetJ12_2 Pin=R25-2
Added Net: Name=NetJ12_2
Added Pin To Net: NetName=NetJ13_2 Pin=J13-2
Added Pin To Net: NetName=NetJ13_2 Pin=R26-2
Added Net: Name=NetJ13_2
Added Pin To Net: NetName=NetJ14_2 Pin=J14-2
Added Pin To Net: NetName=NetJ14_2 Pin=R27-2
Added Net: Name=NetJ14_2
Added Pin To Net: NetName=NetJ15_2 Pin=J15-2
Added Pin To Net: NetName=NetJ15_2 Pin=R28-2
Added Net: Name=NetJ15_2
Added Pin To Net: NetName=NetJ16_2 Pin=J16-2
Added Pin To Net: NetName=NetJ16_2 Pin=R29-2
Added Net: Name=NetJ16_2
Added Pin To Net: NetName=NetJ17_2 Pin=J17-2
Added Pin To Net: NetName=NetJ17_2 Pin=R30-2
Added Net: Name=NetJ17_2
Added Pin To Net: NetName=NetJ18_2 Pin=J18-2
Added Pin To Net: NetName=NetJ18_2 Pin=R31-2
Added Net: Name=NetJ18_2
Added Pin To Net: NetName=NetJ19_2 Pin=J19-2
Added Pin To Net: NetName=NetJ19_2 Pin=R32-2
Added Net: Name=NetJ19_2
Added Pin To Net: NetName=NetJ20_2 Pin=J20-2
Added Pin To Net: NetName=NetJ20_2 Pin=R33-2
Added Net: Name=NetJ20_2
Added Pin To Net: NetName=NetJ21_2 Pin=J21-2
Added Pin To Net: NetName=NetJ21_2 Pin=R40-2
Added Net: Name=NetJ21_2
Added Pin To Net: NetName=NetJ22_2 Pin=J22-2
Added Pin To Net: NetName=NetJ22_2 Pin=R41-2
Added Net: Name=NetJ22_2
Added Pin To Net: NetName=NetK1_2 Pin=K1-2
Added Pin To Net: NetName=NetK1_2 Pin=P7-3
Added Net: Name=NetK1_2
Added Pin To Net: NetName=NetK1_3 Pin=K1-3
Added Pin To Net: NetName=NetK1_3 Pin=P7-2
Added Net: Name=NetK1_3
Added Pin To Net: NetName=NetK1_4 Pin=K1-4
Added Pin To Net: NetName=NetK1_4 Pin=P7-1
Added Net: Name=NetK1_4
Added Pin To Net: NetName=NetK1_5 Pin=K1-5
Added Pin To Net: NetName=NetK1_5 Pin=R44-1
Added Net: Name=NetK1_5
Added Pin To Net: NetName=NetLED3_1 Pin=LED3-1
Added Pin To Net: NetName=NetLED3_1 Pin=R36-2
Added Net: Name=NetLED3_1
Added Pin To Net: NetName=NetLED5_1 Pin=LED5-1
Added Pin To Net: NetName=NetLED5_1 Pin=R11-1
Added Net: Name=NetLED5_1
Added Pin To Net: NetName=NetLED6_1 Pin=LED6-1
Added Pin To Net: NetName=NetLED6_1 Pin=R12-2
Added Net: Name=NetLED6_1
Added Pin To Net: NetName=NetP11_2 Pin=P11-2
Added Pin To Net: NetName=NetP11_2 Pin=U7-1
Added Pin To Net: NetName=NetP11_2 Pin=U7-2
Added Net: Name=NetP11_2
Added Pin To Net: NetName=NetP11_3 Pin=P11-3
Added Pin To Net: NetName=NetP11_3 Pin=U7-6
Added Pin To Net: NetName=NetP11_3 Pin=U7-7
Added Net: Name=NetP11_3
Added Pin To Net: NetName=NetP11_4 Pin=P11-4
Added Pin To Net: NetName=NetP11_4 Pin=U8-1
Added Pin To Net: NetName=NetP11_4 Pin=U8-2
Added Net: Name=NetP11_4
Added Pin To Net: NetName=NetP11_5 Pin=P11-5
Added Pin To Net: NetName=NetP11_5 Pin=U8-6
Added Pin To Net: NetName=NetP11_5 Pin=U8-7
Added Net: Name=NetP11_5
Added Pin To Net: NetName=NetQ1_2 Pin=Q1-2
Added Pin To Net: NetName=NetQ1_2 Pin=R42-2
Added Pin To Net: NetName=NetQ1_2 Pin=R43-1
Added Net: Name=NetQ1_2
Added Pin To Net: NetName=NetR1_2 Pin=R1-2
Added Pin To Net: NetName=NetR1_2 Pin=U1-28
Added Net: Name=NetR1_2
Added Pin To Net: NetName=NetR2_2 Pin=R2-2
Added Pin To Net: NetName=NetR2_2 Pin=U1-60
Added Net: Name=NetR2_2
Added Pin To Net: NetName=NetR5_2 Pin=R5-2
Added Pin To Net: NetName=NetR5_2 Pin=U1-19
Added Net: Name=NetR5_2
Added Pin To Net: NetName=NetR6_2 Pin=R6-2
Added Pin To Net: NetName=NetR6_2 Pin=U1-32
Added Net: Name=NetR6_2
Added Pin To Net: NetName=NetR7_1 Pin=R7-1
Added Pin To Net: NetName=NetR7_1 Pin=U1-64
Added Net: Name=NetR7_1
Added Pin To Net: NetName=NetR8_1 Pin=R8-1
Added Pin To Net: NetName=NetR8_1 Pin=U1-48
Added Net: Name=NetR8_1
Added Pin To Net: NetName=OLED_CS Pin=P4-7
Added Pin To Net: NetName=OLED_CS Pin=U1-33
Added Net: Name=OLED_CS
Added Pin To Net: NetName=OLED_DC Pin=P4-6
Added Pin To Net: NetName=OLED_DC Pin=U1-37
Added Net: Name=OLED_DC
Added Pin To Net: NetName=OLED_RES Pin=P4-5
Added Pin To Net: NetName=OLED_RES Pin=U1-38
Added Net: Name=OLED_RES
Added Pin To Net: NetName=OSC_IN Pin=C6-1
Added Pin To Net: NetName=OSC_IN Pin=R4-2
Added Pin To Net: NetName=OSC_IN Pin=U1-5
Added Pin To Net: NetName=OSC_IN Pin=Y2-1
Added Net: Name=OSC_IN
Added Pin To Net: NetName=OSC_OUT Pin=C7-1
Added Pin To Net: NetName=OSC_OUT Pin=R4-1
Added Pin To Net: NetName=OSC_OUT Pin=U1-6
Added Pin To Net: NetName=OSC_OUT Pin=Y2-2
Added Net: Name=OSC_OUT
Added Pin To Net: NetName=PA4 Pin=U1-20
Added Net: Name=PA4
Added Pin To Net: NetName=PA6 Pin=U1-22
Added Net: Name=PA6
Added Pin To Net: NetName=PA8 Pin=U1-41
Added Net: Name=PA8
Added Pin To Net: NetName=PA9 Pin=LED6-2
Added Pin To Net: NetName=PA9 Pin=P3-2
Added Pin To Net: NetName=PA9 Pin=U1-42
Added Pin To Net: NetName=PA9 Pin=U6-3
Added Net: Name=PA9
Added Pin To Net: NetName=PA10 Pin=LED5-2
Added Pin To Net: NetName=PA10 Pin=P3-3
Added Pin To Net: NetName=PA10 Pin=U1-43
Added Pin To Net: NetName=PA10 Pin=U6-2
Added Net: Name=PA10
Added Pin To Net: NetName=PA11 Pin=U1-44
Added Net: Name=PA11
Added Pin To Net: NetName=PA12 Pin=U1-45
Added Net: Name=PA12
Added Pin To Net: NetName=PA15 Pin=P6-1
Added Pin To Net: NetName=PA15 Pin=U1-50
Added Net: Name=PA15
Added Pin To Net: NetName=PB0 Pin=U1-26
Added Net: Name=PB0
Added Pin To Net: NetName=PB1 Pin=U1-27
Added Net: Name=PB1
Added Pin To Net: NetName=PB11 Pin=U1-30
Added Net: Name=PB11
Added Pin To Net: NetName=PB13 Pin=P4-3
Added Pin To Net: NetName=PB13 Pin=U1-34
Added Net: Name=PB13
Added Pin To Net: NetName=PB14 Pin=U1-35
Added Net: Name=PB14
Added Pin To Net: NetName=PB15 Pin=P4-4
Added Pin To Net: NetName=PB15 Pin=U1-36
Added Net: Name=PB15
Added Pin To Net: NetName=PC10 Pin=P6-2
Added Pin To Net: NetName=PC10 Pin=U1-51
Added Net: Name=PC10
Added Pin To Net: NetName=PC11 Pin=P6-3
Added Pin To Net: NetName=PC11 Pin=U1-52
Added Net: Name=PC11
Added Pin To Net: NetName=PC12 Pin=P6-4
Added Pin To Net: NetName=PC12 Pin=U1-53
Added Net: Name=PC12
Added Pin To Net: NetName=PC13 Pin=U1-2
Added Net: Name=PC13
Added Pin To Net: NetName=PC14 Pin=U1-3
Added Net: Name=PC14
Added Pin To Net: NetName=PC15 Pin=U1-4
Added Net: Name=PC15
Added Pin To Net: NetName=RESET Pin=C5-2
Added Pin To Net: NetName=RESET Pin=K0-2
Added Pin To Net: NetName=RESET Pin=R3-2
Added Pin To Net: NetName=RESET Pin=U1-7
Added Net: Name=RESET
Added Pin To Net: NetName=SWCLK Pin=P1-2
Added Pin To Net: NetName=SWCLK Pin=U1-49
Added Net: Name=SWCLK
Added Pin To Net: NetName=SWDIO Pin=P1-3
Added Pin To Net: NetName=SWDIO Pin=U1-46
Added Net: Name=SWDIO
Added Pin To Net: NetName=VCC3.3 Pin=C24-1
Added Pin To Net: NetName=VCC3.3 Pin=D14-2
Added Pin To Net: NetName=VCC3.3 Pin=D15-2
Added Pin To Net: NetName=VCC3.3 Pin=F4-2
Added Pin To Net: NetName=VCC3.3 Pin=P4-2
Added Pin To Net: NetName=VCC3.3 Pin=P5-1
Added Pin To Net: NetName=VCC3.3 Pin=P9-1
Added Pin To Net: NetName=VCC3.3 Pin=P12-1
Added Pin To Net: NetName=VCC3.3 Pin=P13-1
Added Pin To Net: NetName=VCC3.3 Pin=P14-1
Added Pin To Net: NetName=VCC3.3 Pin=P15-1
Added Pin To Net: NetName=VCC3.3 Pin=P16-1
Added Pin To Net: NetName=VCC3.3 Pin=P17-1
Added Pin To Net: NetName=VCC3.3 Pin=P18-3
Added Pin To Net: NetName=VCC3.3 Pin=P18-6
Added Pin To Net: NetName=VCC3.3 Pin=R35-2
Added Net: Name=VCC3.3
Added Pin To Net: NetName=VCC5 Pin=C13-1
Added Pin To Net: NetName=VCC5 Pin=C20-2
Added Pin To Net: NetName=VCC5 Pin=C21-2
Added Pin To Net: NetName=VCC5 Pin=C22-2
Added Pin To Net: NetName=VCC5 Pin=C23-2
Added Pin To Net: NetName=VCC5 Pin=C38-1
Added Pin To Net: NetName=VCC5 Pin=C39-2
Added Pin To Net: NetName=VCC5 Pin=DK-2
Added Pin To Net: NetName=VCC5 Pin=F1-2
Added Pin To Net: NetName=VCC5 Pin=F3-2
Added Pin To Net: NetName=VCC5 Pin=IC1-16
Added Pin To Net: NetName=VCC5 Pin=IC2-16
Added Pin To Net: NetName=VCC5 Pin=IC3-16
Added Pin To Net: NetName=VCC5 Pin=IC4-16
Added Pin To Net: NetName=VCC5 Pin=K1-1
Added Pin To Net: NetName=VCC5 Pin=P3-1
Added Pin To Net: NetName=VCC5 Pin=P18-1
Added Pin To Net: NetName=VCC5 Pin=P18-4
Added Pin To Net: NetName=VCC5 Pin=R11-2
Added Pin To Net: NetName=VCC5 Pin=R12-1
Added Pin To Net: NetName=VCC5 Pin=R34-1
Added Pin To Net: NetName=VCC5 Pin=R38-1
Added Pin To Net: NetName=VCC5 Pin=U2-3
Added Pin To Net: NetName=VCC5 Pin=U3-3
Added Pin To Net: NetName=VCC5 Pin=U6-16
Added Pin To Net: NetName=VCC5 Pin=U7-8
Added Pin To Net: NetName=VCC5 Pin=U8-8
Added Pin To Net: NetName=VCC5 Pin=W_1-1
Added Pin To Net: NetName=VCC5 Pin=W_1-3
Added Net: Name=VCC5
Added Pin To Net: NetName=VCC24 Pin=C26-1
Added Pin To Net: NetName=VCC24 Pin=C28-1
Added Pin To Net: NetName=VCC24 Pin=Ce2-1
Added Pin To Net: NetName=VCC24 Pin=J1-1
Added Pin To Net: NetName=VCC24 Pin=J2-1
Added Pin To Net: NetName=VCC24 Pin=J3-1
Added Pin To Net: NetName=VCC24 Pin=J4-1
Added Pin To Net: NetName=VCC24 Pin=J5-1
Added Pin To Net: NetName=VCC24 Pin=J6-1
Added Pin To Net: NetName=VCC24 Pin=J7-1
Added Pin To Net: NetName=VCC24 Pin=J8-1
Added Pin To Net: NetName=VCC24 Pin=J9-1
Added Pin To Net: NetName=VCC24 Pin=J10-1
Added Pin To Net: NetName=VCC24 Pin=J11-1
Added Pin To Net: NetName=VCC24 Pin=J12-1
Added Pin To Net: NetName=VCC24 Pin=J13-1
Added Pin To Net: NetName=VCC24 Pin=J14-1
Added Pin To Net: NetName=VCC24 Pin=J15-1
Added Pin To Net: NetName=VCC24 Pin=J16-1
Added Pin To Net: NetName=VCC24 Pin=J17-1
Added Pin To Net: NetName=VCC24 Pin=J18-1
Added Pin To Net: NetName=VCC24 Pin=J19-1
Added Pin To Net: NetName=VCC24 Pin=J20-1
Added Pin To Net: NetName=VCC24 Pin=J21-1
Added Pin To Net: NetName=VCC24 Pin=J22-1
Added Pin To Net: NetName=VCC24 Pin=JS24-1
Added Pin To Net: NetName=VCC24 Pin=K1-6
Added Net: Name=VCC24
Added Pin To Net: NetName=VDDA Pin=C9-2
Added Pin To Net: NetName=VDDA Pin=C10-1
Added Pin To Net: NetName=VDDA Pin=L1-2
Added Pin To Net: NetName=VDDA Pin=U1-13
Added Net: Name=VDDA
Added Pin To Net: NetName=VDD Pin=C1-1
Added Pin To Net: NetName=VDD Pin=C2-1
Added Pin To Net: NetName=VDD Pin=C3-1
Added Pin To Net: NetName=VDD Pin=C4-2
Added Pin To Net: NetName=VDD Pin=C8-2
Added Pin To Net: NetName=VDD Pin=F2-2
Added Pin To Net: NetName=VDD Pin=L1-1
Added Pin To Net: NetName=VDD Pin=P1-4
Added Pin To Net: NetName=VDD Pin=P2-3
Added Pin To Net: NetName=VDD Pin=R3-1
Added Pin To Net: NetName=VDD Pin=R5-1
Added Pin To Net: NetName=VDD Pin=R6-1
Added Pin To Net: NetName=VDD Pin=R7-2
Added Pin To Net: NetName=VDD Pin=R8-2
Added Pin To Net: NetName=VDD Pin=R9-1
Added Pin To Net: NetName=VDD Pin=R10-1
Added Pin To Net: NetName=VDD Pin=U1-1
Added Net: Name=VDD
Added Pin To Net: NetName=VSSA Pin=C9-1
Added Pin To Net: NetName=VSSA Pin=C10-2
Added Pin To Net: NetName=VSSA Pin=L2-2
Added Pin To Net: NetName=VSSA Pin=U1-12
Added Net: Name=VSSA
Added Class: Name=INF_Pro_Interface
Added Class: Name=INF_Processing
Added Room: Name=INF_Pro_Interface
Added Room: Name=INF_Processing
