Removed Pin From Net: NetName=OSC_OUT Pin=Y2-1
Removed Pin From Net: NetName=OSC_IN Pin=Y2-2
Removed Member From Class: ClassName=INF_Processing Member=C1
Removed Member From Class: ClassName=INF_Processing Member=C2
Removed Member From Class: ClassName=INF_Processing Member=C3
Removed Member From Class: ClassName=INF_Processing Member=C4
Removed Member From Class: ClassName=INF_Processing Member=C41
Removed Member From Class: ClassName=INF_Processing Member=C42
Removed Member From Class: ClassName=INF_Processing Member=LED1
Removed Member From Class: ClassName=INF_Processing Member=P3
Removed Member From Class: ClassName=INF_Processing Member=U1
Removed Member From Class: ClassName=INF_Processing Member=U2
Change Component Designator: OldDesignator=BE NewDesignator=BE1
Change Component Designator: OldDesignator=C1 NewDesignator=C15
Change Component Designator: OldDesignator=C2 NewDesignator=C16
Change Component Designator: OldDesignator=C3 NewDesignator=C17
Change Component Designator: OldDesignator=C4 NewDesignator=C18
Change Component Designator: OldDesignator=C5 NewDesignator=C19
Change Component Designator: OldDesignator=C6 NewDesignator=C20
Change Component Designator: OldDesignator=C7 NewDesignator=C25
Change Component Designator: OldDesignator=C8 NewDesignator=C14
Change Component Designator: OldDesignator=C9 NewDesignator=C12
Change Component Designator: OldDesignator=C10 NewDesignator=C13
Change Component Designator: OldDesignator=C11 NewDesignator=C29
Change Component Designator: OldDesignator=C12 NewDesignator=C28
Change Component Designator: OldDesignator=C14 NewDesignator=C7
Change Component Designator: OldDesignator=C15 NewDesignator=C6
Change Component Designator: OldDesignator=C25 NewDesignator=C8
Change Component Designator: OldDesignator=C26 NewDesignator=C11
Change Component Designator: OldDesignator=C27 NewDesignator=C9
Change Component Designator: OldDesignator=C28 NewDesignator=C10
Change Component Designator: OldDesignator=C38 NewDesignator=C21
Change Component Designator: OldDesignator=C39 NewDesignator=C22
Change Component Designator: OldDesignator=C40 NewDesignator=C23
Change Component Designator: OldDesignator=C41 NewDesignator=C26
Change Component Designator: OldDesignator=C42 NewDesignator=C27
Change Component Designator: OldDesignator=D0 NewDesignator=D25
Change Component Designator: OldDesignator=D1 NewDesignator=D27
Change Component Designator: OldDesignator=D3 NewDesignator=D26
Change Component Designator: OldDesignator=D14 NewDesignator=D21
Change Component Designator: OldDesignator=D15 NewDesignator=D22
Change Component Designator: OldDesignator=D26 NewDesignator=D23
Change Component Designator: OldDesignator=D27 NewDesignator=D24
Change Component Designator: OldDesignator=DK NewDesignator=DK1
Change Component Designator: OldDesignator=F1 NewDesignator=F2
Change Component Designator: OldDesignator=F2 NewDesignator=F4
Change Component Designator: OldDesignator=F4 NewDesignator=F1
Change Component Designator: OldDesignator=H0 NewDesignator=H1
Change Component Designator: OldDesignator=H1 NewDesignator=H2
Change Component Designator: OldDesignator=H2 NewDesignator=H3
Change Component Designator: OldDesignator=H3 NewDesignator=H4
Change Component Designator: OldDesignator=JS5 NewDesignator=JS1
Change Component Designator: OldDesignator=JS24 NewDesignator=JS2
Change Component Designator: OldDesignator=K0 NewDesignator=K2
Change Component Designator: OldDesignator=LED1 NewDesignator=LED4
Change Component Designator: OldDesignator=LED2 NewDesignator=LED3
Change Component Designator: OldDesignator=LED4 NewDesignator=LED7
Change Component Designator: OldDesignator=LED7 NewDesignator=LED2
Change Component Designator: OldDesignator=P1 NewDesignator=P14
Change Component Designator: OldDesignator=P2 NewDesignator=P16
Change Component Designator: OldDesignator=P3 NewDesignator=P15
Change Component Designator: OldDesignator=P4 NewDesignator=P17
Change Component Designator: OldDesignator=P5 NewDesignator=P11
Change Component Designator: OldDesignator=P6 NewDesignator=P12
Change Component Designator: OldDesignator=P7 NewDesignator=P13
Change Component Designator: OldDesignator=R00 NewDesignator=R71
Change Component Designator: OldDesignator=R01 NewDesignator=R72
Change Component Designator: OldDesignator=R1 NewDesignator=R80
Change Component Designator: OldDesignator=R2 NewDesignator=R67
Change Component Designator: OldDesignator=R02 NewDesignator=R75
Change Component Designator: OldDesignator=R3 NewDesignator=R86
Change Component Designator: OldDesignator=R4 NewDesignator=R85
Change Component Designator: OldDesignator=R5 NewDesignator=R76
Change Component Designator: OldDesignator=R6 NewDesignator=R81
Change Component Designator: OldDesignator=R7 NewDesignator=R66
Change Component Designator: OldDesignator=R8 NewDesignator=R74
Change Component Designator: OldDesignator=R9 NewDesignator=R87
Change Component Designator: OldDesignator=R10 NewDesignator=R88
Change Component Designator: OldDesignator=R11 NewDesignator=R83
Change Component Designator: OldDesignator=R12 NewDesignator=R84
Change Component Designator: OldDesignator=R15 NewDesignator=R89
Change Component Designator: OldDesignator=R40 NewDesignator=R68
Change Component Designator: OldDesignator=R41 NewDesignator=R69
Change Component Designator: OldDesignator=R42 NewDesignator=R79
Change Component Designator: OldDesignator=R43 NewDesignator=R78
Change Component Designator: OldDesignator=R44 NewDesignator=R82
Change Component Designator: OldDesignator=R45 NewDesignator=R77
Change Component Designator: OldDesignator=R46 NewDesignator=R73
Change Component Designator: OldDesignator=R47 NewDesignator=R70
Change Component Designator: OldDesignator=U1 NewDesignator=U3
Change Component Designator: OldDesignator=U2 NewDesignator=U4
Change Component Designator: OldDesignator=U3 NewDesignator=U5
Change Component Designator: OldDesignator=U4 NewDesignator=U6
Change Component Designator: OldDesignator=U6 NewDesignator=U7
Added Component: Designator=Y2(XTAL_US)
Added Pin To Net: NetName=OSC_OUT Pin=Y1-1
Added Pin To Net: NetName=OSC_IN Pin=Y1-2
Change Net Name : Old Net Name=NetBE_1 New Net Name=NetBE1_1
Change Net Name : Old Net Name=NetC11_1 New Net Name=NetC29_1
Change Net Name : Old Net Name=NetC12_1 New Net Name=NetC28_1
Change Net Name : Old Net Name=NetC14_1 New Net Name=NetC6_2
Change Net Name : Old Net Name=NetC25_1 New Net Name=NetC8_1
Change Net Name : Old Net Name=NetC40_1 New Net Name=NetC23_1
Change Net Name : Old Net Name=NetD0_1 New Net Name=NetD25_1
Change Net Name : Old Net Name=NetD1_1 New Net Name=NetD27_1
Change Net Name : Old Net Name=NetDK_1 New Net Name=NetDK1_1
Change Net Name : Old Net Name=NetLED1_2 New Net Name=NetLED4_2
Change Net Name : Old Net Name=NetLED2_2 New Net Name=NetLED3_2
Change Net Name : Old Net Name=NetLED4_1 New Net Name=NetLED7_1
Change Net Name : Old Net Name=NetLED7_2 New Net Name=NetLED2_2
Change Net Name : Old Net Name=NetR1_2 New Net Name=NetR80_2
Change Net Name : Old Net Name=NetR2_2 New Net Name=NetR67_2
Change Net Name : Old Net Name=NetR5_2 New Net Name=NetR76_2
Change Net Name : Old Net Name=NetR6_2 New Net Name=NetR81_2
Change Net Name : Old Net Name=NetR7_1 New Net Name=NetR66_1
Change Net Name : Old Net Name=NetR8_1 New Net Name=NetR74_1
Added Pin To Net: NetName=NetC26_2 Pin=C26-2
Added Pin To Net: NetName=NetC26_2 Pin=U7-8
Added Pin To Net: NetName=NetC26_2 Pin=Y1-1
Added Net: Name=NetC26_2
Added Pin To Net: NetName=NetC27_2 Pin=C27-2
Added Pin To Net: NetName=NetC27_2 Pin=U7-7
Added Pin To Net: NetName=NetC27_2 Pin=Y1-2
Added Net: Name=NetC27_2
Added Member To Class: ClassName=INF_Processing Member=Component C13 Polar
Added Member To Class: ClassName=INF_Processing Member=Component C16 0603
Added Member To Class: ClassName=INF_Processing Member=Component C17 0603
Added Member To Class: ClassName=INF_Processing Member=Component C18 0603
Added Member To Class: ClassName=INF_Processing Member=Component C20 0603
Added Member To Class: ClassName=INF_Processing Member=Component C29 Polar
Added Member To Class: ClassName=INF_Processing Member=Component LED3 Red
Added Member To Class: ClassName=INF_Pro_Interface Member=Component P9 Header 3
Added Member To Class: ClassName=INF_Pro_Interface Member=Component P10 Header 3X2
Added Member To Class: ClassName=INF_Processing Member=Component P15 Header 4
Added Member To Class: ClassName=INF_Processing Member=Component U5 AMS1117
Added Member To Class: ClassName=INF_Processing Member=Component U7 CH340G
