Change Component Footprint: Designator=J1 Old Footprint=H2_push_3.81 New Footprint=Header2_press
Added Component: Designator=C1(CAP_0603_16*08)
Added Component: Designator=C2(CAP_0603_16*08)
Added Component: Designator=C3(CAP_0603_16*08)
Added Component: Designator=C4(CAP_0603_16*08)
Added Component: Designator=C5(CAP_0603_16*08)
Added Component: Designator=C10(CAP_1206)
Added Component: Designator=D1(SOD523)
Added Component: Designator=D2(SOD323)
Added Component: Designator=LED2(LED_0805)
Added Component: Designator=P12(HEADER2*4_PIN)
Added Component: Designator=R3(RES_0805_20*12)
Added Component: Designator=R4(RES_0805_20*12)
Added Component: Designator=R22(RES_0603_16*08)
Added Component: Designator=Rf2(RES_FOUR_0603)
Added Component: Designator=Rf4(RES_FOUR_0603)
Added Component: Designator=Rf6(RES_FOUR_0603)
Added Pin To Net: NetName=165CLK Pin=IC2-2
Added Pin To Net: NetName=165CLK Pin=IC3-2
Added Pin To Net: NetName=165CLK Pin=IC4-2
Added Pin To Net: NetName=165CLK Pin=IC5-2
Added Pin To Net: NetName=165CLK Pin=U3-61
Added Net: Name=165CLK
Added Pin To Net: NetName=165DATA Pin=IC1-4
Added Pin To Net: NetName=165DATA Pin=R1-1
Added Pin To Net: NetName=165DATA Pin=U3-29
Added Net: Name=165DATA
Added Pin To Net: NetName=165SH Pin=IC2-1
Added Pin To Net: NetName=165SH Pin=IC3-1
Added Pin To Net: NetName=165SH Pin=IC4-1
Added Pin To Net: NetName=165SH Pin=IC5-1
Added Pin To Net: NetName=165SH Pin=U3-62
Added Net: Name=165SH
Added Pin To Net: NetName=595LOAD Pin=P9-6
Added Pin To Net: NetName=595LOAD Pin=U3-57
Added Net: Name=595LOAD
Added Pin To Net: NetName=595SCL Pin=P9-5
Added Pin To Net: NetName=595SCL Pin=U3-58
Added Net: Name=595SCL
Added Pin To Net: NetName=595SDK Pin=P9-4
Added Pin To Net: NetName=595SDK Pin=U3-59
Added Net: Name=595SDK
Added Pin To Net: NetName=ADC1 Pin=P9-12
Added Pin To Net: NetName=ADC1 Pin=U3-8
Added Net: Name=ADC1
Added Pin To Net: NetName=ADC2 Pin=P9-11
Added Pin To Net: NetName=ADC2 Pin=U3-9
Added Net: Name=ADC2
Added Pin To Net: NetName=ADC3 Pin=P9-10
Added Pin To Net: NetName=ADC3 Pin=U3-10
Added Net: Name=ADC3
Added Pin To Net: NetName=ADC4 Pin=P9-9
Added Pin To Net: NetName=ADC4 Pin=U3-11
Added Net: Name=ADC4
Added Pin To Net: NetName=ADC5 Pin=P9-8
Added Pin To Net: NetName=ADC5 Pin=U3-24
Added Net: Name=ADC5
Added Pin To Net: NetName=ADC6 Pin=P9-7
Added Pin To Net: NetName=ADC6 Pin=U3-25
Added Net: Name=ADC6
Added Pin To Net: NetName=AGND Pin=C1-2
Added Pin To Net: NetName=AGND Pin=C2-2
Added Pin To Net: NetName=AGND Pin=C3-2
Added Pin To Net: NetName=AGND Pin=C4-2
Added Pin To Net: NetName=AGND Pin=C5-1
Added Pin To Net: NetName=AGND Pin=C6-1
Added Pin To Net: NetName=AGND Pin=C7-2
Added Pin To Net: NetName=AGND Pin=C8-2
Added Pin To Net: NetName=AGND Pin=C9-1
Added Pin To Net: NetName=AGND Pin=C10-2
Added Pin To Net: NetName=AGND Pin=C*1-2
Added Pin To Net: NetName=AGND Pin=Ce1-2
Added Pin To Net: NetName=AGND Pin=Ce2-2
Added Pin To Net: NetName=AGND Pin=D1-1
Added Pin To Net: NetName=AGND Pin=D2-1
Added Pin To Net: NetName=AGND Pin=DAC1-5
Added Pin To Net: NetName=AGND Pin=DAC2-5
Added Pin To Net: NetName=AGND Pin=DAC3-5
Added Pin To Net: NetName=AGND Pin=DAC4-5
Added Pin To Net: NetName=AGND Pin=J1-2
Added Pin To Net: NetName=AGND Pin=JS1-2
Added Pin To Net: NetName=AGND Pin=P1-1
Added Pin To Net: NetName=AGND Pin=P12-4
Added Pin To Net: NetName=AGND Pin=P12-8
Added Pin To Net: NetName=AGND Pin=R3-2
Added Pin To Net: NetName=AGND Pin=R5-1
Added Pin To Net: NetName=AGND Pin=R6-1
Added Pin To Net: NetName=AGND Pin=R7-1
Added Pin To Net: NetName=AGND Pin=R10-1
Added Pin To Net: NetName=AGND Pin=U1-4
Added Pin To Net: NetName=AGND Pin=U2-4
Added Pin To Net: NetName=AGND Pin=U4-1
Added Net: Name=AGND
Added Pin To Net: NetName=BEEP Pin=P9-1
Added Pin To Net: NetName=BEEP Pin=U3-56
Added Net: Name=BEEP
Added Pin To Net: NetName=BOOT0 Pin=P7-2
Added Pin To Net: NetName=BOOT0 Pin=R9-1
Added Net: Name=BOOT0
Added Pin To Net: NetName=CH1 Pin=IC5-11
Added Pin To Net: NetName=CH1 Pin=P5-1
Added Pin To Net: NetName=CH1 Pin=Rf7-1
Added Net: Name=CH1
Added Pin To Net: NetName=CH2 Pin=IC5-12
Added Pin To Net: NetName=CH2 Pin=P5-2
Added Pin To Net: NetName=CH2 Pin=Rf7-2
Added Net: Name=CH2
Added Pin To Net: NetName=CH3 Pin=IC5-13
Added Pin To Net: NetName=CH3 Pin=P5-3
Added Pin To Net: NetName=CH3 Pin=Rf7-3
Added Net: Name=CH3
Added Pin To Net: NetName=CH4 Pin=IC5-14
Added Pin To Net: NetName=CH4 Pin=P5-4
Added Pin To Net: NetName=CH4 Pin=Rf7-4
Added Net: Name=CH4
Added Pin To Net: NetName=CH5 Pin=IC5-3
Added Pin To Net: NetName=CH5 Pin=P5-5
Added Pin To Net: NetName=CH5 Pin=Rf8-1
Added Net: Name=CH5
Added Pin To Net: NetName=CH6 Pin=IC5-4
Added Pin To Net: NetName=CH6 Pin=P5-6
Added Pin To Net: NetName=CH6 Pin=Rf8-2
Added Net: Name=CH6
Added Pin To Net: NetName=CH7 Pin=IC5-5
Added Pin To Net: NetName=CH7 Pin=P5-7
Added Pin To Net: NetName=CH7 Pin=Rf8-3
Added Net: Name=CH7
Added Pin To Net: NetName=CH8 Pin=IC5-6
Added Pin To Net: NetName=CH8 Pin=P5-8
Added Pin To Net: NetName=CH8 Pin=Rf8-4
Added Net: Name=CH8
Added Pin To Net: NetName=CH340_D+ Pin=U5-5
Added Pin To Net: NetName=CH340_D+ Pin=USB_SLAVE1-3
Added Net: Name=CH340_D+
Added Pin To Net: NetName=CH340_D- Pin=U5-6
Added Pin To Net: NetName=CH340_D- Pin=USB_SLAVE1-2
Added Net: Name=CH340_D-
Added Pin To Net: NetName=DAC_CS1 Pin=DAC1-3
Added Pin To Net: NetName=DAC_CS1 Pin=U3-16
Added Net: Name=DAC_CS1
Added Pin To Net: NetName=DAC_CS2 Pin=DAC2-3
Added Pin To Net: NetName=DAC_CS2 Pin=U3-17
Added Net: Name=DAC_CS2
Added Pin To Net: NetName=DAC_CS3 Pin=DAC3-3
Added Pin To Net: NetName=DAC_CS3 Pin=U3-39
Added Net: Name=DAC_CS3
Added Pin To Net: NetName=DAC_CS4 Pin=DAC4-3
Added Pin To Net: NetName=DAC_CS4 Pin=U3-40
Added Net: Name=DAC_CS4
Added Pin To Net: NetName=DAC_IN Pin=DAC1-1
Added Pin To Net: NetName=DAC_IN Pin=DAC2-1
Added Pin To Net: NetName=DAC_IN Pin=DAC3-1
Added Pin To Net: NetName=DAC_IN Pin=DAC4-1
Added Pin To Net: NetName=DAC_IN Pin=U3-23
Added Net: Name=DAC_IN
Added Pin To Net: NetName=DAC_SCLK Pin=DAC1-2
Added Pin To Net: NetName=DAC_SCLK Pin=DAC2-2
Added Pin To Net: NetName=DAC_SCLK Pin=DAC3-2
Added Pin To Net: NetName=DAC_SCLK Pin=DAC4-2
Added Pin To Net: NetName=DAC_SCLK Pin=U3-21
Added Net: Name=DAC_SCLK
Added Pin To Net: NetName=GND Pin=C11-2
Added Pin To Net: NetName=GND Pin=C12-1
Added Pin To Net: NetName=GND Pin=C13-2
Added Pin To Net: NetName=GND Pin=C14-1
Added Pin To Net: NetName=GND Pin=C17-2
Added Pin To Net: NetName=GND Pin=C18-2
Added Pin To Net: NetName=GND Pin=C19-2
Added Pin To Net: NetName=GND Pin=C20-1
Added Pin To Net: NetName=GND Pin=C21-1
Added Pin To Net: NetName=GND Pin=C22-1
Added Pin To Net: NetName=GND Pin=C23-1
Added Pin To Net: NetName=GND Pin=C24-2
Added Pin To Net: NetName=GND Pin=C25-2
Added Pin To Net: NetName=GND Pin=IC1-3
Added Pin To Net: NetName=GND Pin=IC2-8
Added Pin To Net: NetName=GND Pin=IC2-15
Added Pin To Net: NetName=GND Pin=IC3-8
Added Pin To Net: NetName=GND Pin=IC3-15
Added Pin To Net: NetName=GND Pin=IC4-8
Added Pin To Net: NetName=GND Pin=IC4-15
Added Pin To Net: NetName=GND Pin=IC5-8
Added Pin To Net: NetName=GND Pin=IC5-15
Added Pin To Net: NetName=GND Pin=K1-1
Added Pin To Net: NetName=GND Pin=L2-1
Added Pin To Net: NetName=GND Pin=LED5-2
Added Pin To Net: NetName=GND Pin=P7-1
Added Pin To Net: NetName=GND Pin=P10-1
Added Pin To Net: NetName=GND Pin=P11-4
Added Pin To Net: NetName=GND Pin=R5-2
Added Pin To Net: NetName=GND Pin=R6-2
Added Pin To Net: NetName=GND Pin=R7-2
Added Pin To Net: NetName=GND Pin=R14-1
Added Pin To Net: NetName=GND Pin=Rf1-5
Added Pin To Net: NetName=GND Pin=Rf1-6
Added Pin To Net: NetName=GND Pin=Rf1-7
Added Pin To Net: NetName=GND Pin=Rf1-8
Added Pin To Net: NetName=GND Pin=Rf2-5
Added Pin To Net: NetName=GND Pin=Rf2-6
Added Pin To Net: NetName=GND Pin=Rf2-7
Added Pin To Net: NetName=GND Pin=Rf2-8
Added Pin To Net: NetName=GND Pin=Rf3-5
Added Pin To Net: NetName=GND Pin=Rf3-6
Added Pin To Net: NetName=GND Pin=Rf3-7
Added Pin To Net: NetName=GND Pin=Rf3-8
Added Pin To Net: NetName=GND Pin=Rf4-5
Added Pin To Net: NetName=GND Pin=Rf4-6
Added Pin To Net: NetName=GND Pin=Rf4-7
Added Pin To Net: NetName=GND Pin=Rf4-8
Added Pin To Net: NetName=GND Pin=Rf5-5
Added Pin To Net: NetName=GND Pin=Rf5-6
Added Pin To Net: NetName=GND Pin=Rf5-7
Added Pin To Net: NetName=GND Pin=Rf5-8
Added Pin To Net: NetName=GND Pin=Rf6-5
Added Pin To Net: NetName=GND Pin=Rf6-6
Added Pin To Net: NetName=GND Pin=Rf6-7
Added Pin To Net: NetName=GND Pin=Rf6-8
Added Pin To Net: NetName=GND Pin=Rf7-5
Added Pin To Net: NetName=GND Pin=Rf7-6
Added Pin To Net: NetName=GND Pin=Rf7-7
Added Pin To Net: NetName=GND Pin=Rf7-8
Added Pin To Net: NetName=GND Pin=Rf8-5
Added Pin To Net: NetName=GND Pin=Rf8-6
Added Pin To Net: NetName=GND Pin=Rf8-7
Added Pin To Net: NetName=GND Pin=Rf8-8
Added Pin To Net: NetName=GND Pin=U3-18
Added Pin To Net: NetName=GND Pin=U3-31
Added Pin To Net: NetName=GND Pin=U3-47
Added Pin To Net: NetName=GND Pin=U3-63
Added Pin To Net: NetName=GND Pin=U5-1
Added Pin To Net: NetName=GND Pin=USB_SLAVE1-5
Added Net: Name=GND
Added Pin To Net: NetName=INT1 Pin=P9-3
Added Pin To Net: NetName=INT1 Pin=U3-14
Added Net: Name=INT1
Added Pin To Net: NetName=INT2 Pin=P9-2
Added Pin To Net: NetName=INT2 Pin=U3-15
Added Net: Name=INT2
Added Pin To Net: NetName=LED0 Pin=D3-2
Added Pin To Net: NetName=LED0 Pin=U3-54
Added Net: Name=LED0
Added Pin To Net: NetName=LED1 Pin=D4-2
Added Pin To Net: NetName=LED1 Pin=U3-55
Added Net: Name=LED1
Added Pin To Net: NetName=LINE1 Pin=IC2-11
Added Pin To Net: NetName=LINE1 Pin=P2-8
Added Pin To Net: NetName=LINE1 Pin=Rf1-1
Added Net: Name=LINE1
Added Pin To Net: NetName=LINE2 Pin=IC2-12
Added Pin To Net: NetName=LINE2 Pin=P2-7
Added Pin To Net: NetName=LINE2 Pin=Rf1-2
Added Net: Name=LINE2
Added Pin To Net: NetName=LINE3 Pin=IC2-13
Added Pin To Net: NetName=LINE3 Pin=P2-6
Added Pin To Net: NetName=LINE3 Pin=Rf1-3
Added Net: Name=LINE3
Added Pin To Net: NetName=LINE4 Pin=IC2-14
Added Pin To Net: NetName=LINE4 Pin=P2-5
Added Pin To Net: NetName=LINE4 Pin=Rf1-4
Added Net: Name=LINE4
Added Pin To Net: NetName=LINE5 Pin=IC2-3
Added Pin To Net: NetName=LINE5 Pin=P2-4
Added Pin To Net: NetName=LINE5 Pin=Rf2-1
Added Net: Name=LINE5
Added Pin To Net: NetName=LINE6 Pin=IC2-4
Added Pin To Net: NetName=LINE6 Pin=P2-3
Added Pin To Net: NetName=LINE6 Pin=Rf2-2
Added Net: Name=LINE6
Added Pin To Net: NetName=LINE7 Pin=IC2-5
Added Pin To Net: NetName=LINE7 Pin=P2-2
Added Pin To Net: NetName=LINE7 Pin=Rf2-3
Added Net: Name=LINE7
Added Pin To Net: NetName=LINE8 Pin=IC2-6
Added Pin To Net: NetName=LINE8 Pin=P2-1
Added Pin To Net: NetName=LINE8 Pin=Rf2-4
Added Net: Name=LINE8
Added Pin To Net: NetName=LINE9 Pin=IC3-11
Added Pin To Net: NetName=LINE9 Pin=P3-8
Added Pin To Net: NetName=LINE9 Pin=Rf3-1
Added Net: Name=LINE9
Added Pin To Net: NetName=LINE10 Pin=IC3-12
Added Pin To Net: NetName=LINE10 Pin=P3-7
Added Pin To Net: NetName=LINE10 Pin=Rf3-2
Added Net: Name=LINE10
Added Pin To Net: NetName=LINE11 Pin=IC3-13
Added Pin To Net: NetName=LINE11 Pin=P3-6
Added Pin To Net: NetName=LINE11 Pin=Rf3-3
Added Net: Name=LINE11
Added Pin To Net: NetName=LINE12 Pin=IC3-14
Added Pin To Net: NetName=LINE12 Pin=P3-5
Added Pin To Net: NetName=LINE12 Pin=Rf3-4
Added Net: Name=LINE12
Added Pin To Net: NetName=LINE13 Pin=IC3-3
Added Pin To Net: NetName=LINE13 Pin=P3-4
Added Pin To Net: NetName=LINE13 Pin=Rf4-1
Added Net: Name=LINE13
Added Pin To Net: NetName=LINE14 Pin=IC3-4
Added Pin To Net: NetName=LINE14 Pin=P3-3
Added Pin To Net: NetName=LINE14 Pin=Rf4-2
Added Net: Name=LINE14
Added Pin To Net: NetName=LINE15 Pin=IC3-5
Added Pin To Net: NetName=LINE15 Pin=P3-2
Added Pin To Net: NetName=LINE15 Pin=Rf4-3
Added Net: Name=LINE15
Added Pin To Net: NetName=LINE16 Pin=IC3-6
Added Pin To Net: NetName=LINE16 Pin=P3-1
Added Pin To Net: NetName=LINE16 Pin=Rf4-4
Added Net: Name=LINE16
Added Pin To Net: NetName=LINE17 Pin=IC4-11
Added Pin To Net: NetName=LINE17 Pin=P4-8
Added Pin To Net: NetName=LINE17 Pin=Rf5-1
Added Net: Name=LINE17
Added Pin To Net: NetName=LINE18 Pin=IC4-12
Added Pin To Net: NetName=LINE18 Pin=P4-7
Added Pin To Net: NetName=LINE18 Pin=Rf5-2
Added Net: Name=LINE18
Added Pin To Net: NetName=LINE19 Pin=IC4-13
Added Pin To Net: NetName=LINE19 Pin=P4-6
Added Pin To Net: NetName=LINE19 Pin=Rf5-3
Added Net: Name=LINE19
Added Pin To Net: NetName=LINE20 Pin=IC4-14
Added Pin To Net: NetName=LINE20 Pin=P4-5
Added Pin To Net: NetName=LINE20 Pin=Rf5-4
Added Net: Name=LINE20
Added Pin To Net: NetName=LINE21 Pin=IC4-3
Added Pin To Net: NetName=LINE21 Pin=P4-4
Added Pin To Net: NetName=LINE21 Pin=Rf6-1
Added Net: Name=LINE21
Added Pin To Net: NetName=LINE22 Pin=IC4-4
Added Pin To Net: NetName=LINE22 Pin=P4-3
Added Pin To Net: NetName=LINE22 Pin=Rf6-2
Added Net: Name=LINE22
Added Pin To Net: NetName=LINE23 Pin=IC4-5
Added Pin To Net: NetName=LINE23 Pin=P4-2
Added Pin To Net: NetName=LINE23 Pin=Rf6-3
Added Net: Name=LINE23
Added Pin To Net: NetName=LINE24 Pin=IC4-6
Added Pin To Net: NetName=LINE24 Pin=P4-1
Added Pin To Net: NetName=LINE24 Pin=Rf6-4
Added Net: Name=LINE24
Added Pin To Net: NetName=NetC5_2 Pin=C5-2
Added Pin To Net: NetName=NetC5_2 Pin=DAC1-6
Added Pin To Net: NetName=NetC5_2 Pin=DAC2-6
Added Pin To Net: NetName=NetC5_2 Pin=DAC3-6
Added Pin To Net: NetName=NetC5_2 Pin=DAC4-6
Added Pin To Net: NetName=NetC5_2 Pin=R3-1
Added Pin To Net: NetName=NetC5_2 Pin=R4-2
Added Net: Name=NetC5_2
Added Pin To Net: NetName=NetC6_2 Pin=C6-2
Added Pin To Net: NetName=NetC6_2 Pin=C7-1
Added Pin To Net: NetName=NetC6_2 Pin=F1-1
Added Pin To Net: NetName=NetC6_2 Pin=U4-2
Added Pin To Net: NetName=NetC6_2 Pin=U4-4
Added Net: Name=NetC6_2
Added Pin To Net: NetName=NetC8_1 Pin=C8-1
Added Pin To Net: NetName=NetC8_1 Pin=C9-2
Added Pin To Net: NetName=NetC8_1 Pin=Ce1-1
Added Pin To Net: NetName=NetC8_1 Pin=F2-1
Added Pin To Net: NetName=NetC8_1 Pin=JS1-1
Added Net: Name=NetC8_1
Added Pin To Net: NetName=NetC13_1 Pin=C13-1
Added Pin To Net: NetName=NetC13_1 Pin=U5-4
Added Net: Name=NetC13_1
Added Pin To Net: NetName=NetC21_2 Pin=C21-2
Added Pin To Net: NetName=NetC21_2 Pin=U5-8
Added Pin To Net: NetName=NetC21_2 Pin=Y1-1
Added Net: Name=NetC21_2
Added Pin To Net: NetName=NetC22_2 Pin=C22-2
Added Pin To Net: NetName=NetC22_2 Pin=U5-7
Added Pin To Net: NetName=NetC22_2 Pin=Y1-2
Added Net: Name=NetC22_2
Added Pin To Net: NetName=NetD3_1 Pin=D3-1
Added Pin To Net: NetName=NetD3_1 Pin=R20-2
Added Net: Name=NetD3_1
Added Pin To Net: NetName=NetD4_1 Pin=D4-1
Added Pin To Net: NetName=NetD4_1 Pin=R21-2
Added Net: Name=NetD4_1
Added Pin To Net: NetName=NetDAC1_7 Pin=DAC1-7
Added Pin To Net: NetName=NetDAC1_7 Pin=U1-3
Added Net: Name=NetDAC1_7
Added Pin To Net: NetName=NetDAC2_7 Pin=DAC2-7
Added Pin To Net: NetName=NetDAC2_7 Pin=U1-5
Added Net: Name=NetDAC2_7
Added Pin To Net: NetName=NetDAC3_7 Pin=DAC3-7
Added Pin To Net: NetName=NetDAC3_7 Pin=U2-3
Added Net: Name=NetDAC3_7
Added Pin To Net: NetName=NetDAC4_7 Pin=DAC4-7
Added Pin To Net: NetName=NetDAC4_7 Pin=U2-5
Added Net: Name=NetDAC4_7
Added Pin To Net: NetName=NetF3_1 Pin=F3-1
Added Pin To Net: NetName=NetF3_1 Pin=USB_SLAVE1-1
Added Net: Name=NetF3_1
Added Pin To Net: NetName=NetIC1_1 Pin=IC1-1
Added Pin To Net: NetName=NetIC1_1 Pin=R2-2
Added Net: Name=NetIC1_1
Added Pin To Net: NetName=NetIC1_2 Pin=IC1-2
Added Pin To Net: NetName=NetIC1_2 Pin=IC2-9
Added Net: Name=NetIC1_2
Added Pin To Net: NetName=NetIC2_10 Pin=IC2-10
Added Pin To Net: NetName=NetIC2_10 Pin=IC3-9
Added Net: Name=NetIC2_10
Added Pin To Net: NetName=NetIC3_10 Pin=IC3-10
Added Pin To Net: NetName=NetIC3_10 Pin=IC4-9
Added Net: Name=NetIC3_10
Added Pin To Net: NetName=NetIC4_10 Pin=IC4-10
Added Pin To Net: NetName=NetIC4_10 Pin=IC5-9
Added Net: Name=NetIC4_10
Added Pin To Net: NetName=NetLED1_2 Pin=LED1-2
Added Pin To Net: NetName=NetLED1_2 Pin=R10-2
Added Net: Name=NetLED1_2
Added Pin To Net: NetName=NetLED2_2 Pin=LED2-2
Added Pin To Net: NetName=NetLED2_2 Pin=R12-1
Added Net: Name=NetLED2_2
Added Pin To Net: NetName=NetLED3_1 Pin=LED3-1
Added Pin To Net: NetName=NetLED3_1 Pin=R15-1
Added Net: Name=NetLED3_1
Added Pin To Net: NetName=NetLED4_1 Pin=LED4-1
Added Pin To Net: NetName=NetLED4_1 Pin=R17-2
Added Net: Name=NetLED4_1
Added Pin To Net: NetName=NetLED5_1 Pin=LED5-1
Added Pin To Net: NetName=NetLED5_1 Pin=R22-1
Added Net: Name=NetLED5_1
Added Pin To Net: NetName=NetP1_2 Pin=P1-2
Added Pin To Net: NetName=NetP1_2 Pin=U1-1
Added Pin To Net: NetName=NetP1_2 Pin=U1-2
Added Net: Name=NetP1_2
Added Pin To Net: NetName=NetP1_3 Pin=P1-3
Added Pin To Net: NetName=NetP1_3 Pin=U1-6
Added Pin To Net: NetName=NetP1_3 Pin=U1-7
Added Net: Name=NetP1_3
Added Pin To Net: NetName=NetP1_4 Pin=P1-4
Added Pin To Net: NetName=NetP1_4 Pin=U2-1
Added Pin To Net: NetName=NetP1_4 Pin=U2-2
Added Net: Name=NetP1_4
Added Pin To Net: NetName=NetP1_5 Pin=P1-5
Added Pin To Net: NetName=NetP1_5 Pin=U2-6
Added Pin To Net: NetName=NetP1_5 Pin=U2-7
Added Net: Name=NetP1_5
Added Pin To Net: NetName=NetP6_2 Pin=P6-2
Added Pin To Net: NetName=NetP6_2 Pin=R12-2
Added Net: Name=NetP6_2
Added Pin To Net: NetName=NetR8_1 Pin=R8-1
Added Pin To Net: NetName=NetR8_1 Pin=U3-64
Added Net: Name=NetR8_1
Added Pin To Net: NetName=NetR9_2 Pin=R9-2
Added Pin To Net: NetName=NetR9_2 Pin=U3-60
Added Net: Name=NetR9_2
Added Pin To Net: NetName=NetR11_1 Pin=R11-1
Added Pin To Net: NetName=NetR11_1 Pin=U3-48
Added Net: Name=NetR11_1
Added Pin To Net: NetName=NetR13_2 Pin=R13-2
Added Pin To Net: NetName=NetR13_2 Pin=U3-19
Added Net: Name=NetR13_2
Added Pin To Net: NetName=NetR14_2 Pin=R14-2
Added Pin To Net: NetName=NetR14_2 Pin=U3-28
Added Net: Name=NetR14_2
Added Pin To Net: NetName=NetR16_2 Pin=R16-2
Added Pin To Net: NetName=NetR16_2 Pin=U3-32
Added Net: Name=NetR16_2
Added Pin To Net: NetName=OSC_IN Pin=C24-1
Added Pin To Net: NetName=OSC_IN Pin=R18-2
Added Pin To Net: NetName=OSC_IN Pin=U3-5
Added Pin To Net: NetName=OSC_IN Pin=Y2-2
Added Net: Name=OSC_IN
Added Pin To Net: NetName=OSC_OUT Pin=C25-1
Added Pin To Net: NetName=OSC_OUT Pin=R18-1
Added Pin To Net: NetName=OSC_OUT Pin=U3-6
Added Pin To Net: NetName=OSC_OUT Pin=Y2-1
Added Net: Name=OSC_OUT
Added Pin To Net: NetName=PA4 Pin=U3-20
Added Net: Name=PA4
Added Pin To Net: NetName=PA6 Pin=U3-22
Added Net: Name=PA6
Added Pin To Net: NetName=PA8 Pin=U3-41
Added Net: Name=PA8
Added Pin To Net: NetName=PA9 Pin=LED4-2
Added Pin To Net: NetName=PA9 Pin=P11-2
Added Pin To Net: NetName=PA9 Pin=U3-42
Added Pin To Net: NetName=PA9 Pin=U5-3
Added Net: Name=PA9
Added Pin To Net: NetName=PA10 Pin=LED3-2
Added Pin To Net: NetName=PA10 Pin=P11-3
Added Pin To Net: NetName=PA10 Pin=U3-43
Added Pin To Net: NetName=PA10 Pin=U5-2
Added Net: Name=PA10
Added Pin To Net: NetName=PA11 Pin=U3-44
Added Net: Name=PA11
Added Pin To Net: NetName=PA12 Pin=U3-45
Added Net: Name=PA12
Added Pin To Net: NetName=PA15 Pin=P8-1
Added Pin To Net: NetName=PA15 Pin=U3-50
Added Net: Name=PA15
Added Pin To Net: NetName=PB0 Pin=U3-26
Added Net: Name=PB0
Added Pin To Net: NetName=PB1 Pin=U3-27
Added Net: Name=PB1
Added Pin To Net: NetName=PB11 Pin=U3-30
Added Net: Name=PB11
Added Pin To Net: NetName=PB12 Pin=U3-33
Added Net: Name=PB12
Added Pin To Net: NetName=PB13 Pin=U3-34
Added Net: Name=PB13
Added Pin To Net: NetName=PB14 Pin=U3-35
Added Net: Name=PB14
Added Pin To Net: NetName=PB15 Pin=U3-36
Added Net: Name=PB15
Added Pin To Net: NetName=PC6 Pin=U3-37
Added Net: Name=PC6
Added Pin To Net: NetName=PC7 Pin=U3-38
Added Net: Name=PC7
Added Pin To Net: NetName=PC10 Pin=P8-2
Added Pin To Net: NetName=PC10 Pin=U3-51
Added Net: Name=PC10
Added Pin To Net: NetName=PC11 Pin=P8-3
Added Pin To Net: NetName=PC11 Pin=U3-52
Added Net: Name=PC11
Added Pin To Net: NetName=PC12 Pin=P8-4
Added Pin To Net: NetName=PC12 Pin=U3-53
Added Net: Name=PC12
Added Pin To Net: NetName=PC13 Pin=U3-2
Added Net: Name=PC13
Added Pin To Net: NetName=PC14 Pin=U3-3
Added Net: Name=PC14
Added Pin To Net: NetName=PC15 Pin=U3-4
Added Net: Name=PC15
Added Pin To Net: NetName=RESET Pin=C23-2
Added Pin To Net: NetName=RESET Pin=K1-2
Added Pin To Net: NetName=RESET Pin=R19-2
Added Pin To Net: NetName=RESET Pin=U3-7
Added Net: Name=RESET
Added Pin To Net: NetName=SWCLK Pin=P10-2
Added Pin To Net: NetName=SWCLK Pin=U3-49
Added Net: Name=SWCLK
Added Pin To Net: NetName=SWDIO Pin=P10-3
Added Pin To Net: NetName=SWDIO Pin=U3-46
Added Net: Name=SWDIO
Added Pin To Net: NetName=VCC5 Pin=C1-1
Added Pin To Net: NetName=VCC5 Pin=C2-1
Added Pin To Net: NetName=VCC5 Pin=C3-1
Added Pin To Net: NetName=VCC5 Pin=C4-1
Added Pin To Net: NetName=VCC5 Pin=C11-1
Added Pin To Net: NetName=VCC5 Pin=C12-2
Added Pin To Net: NetName=VCC5 Pin=DAC1-8
Added Pin To Net: NetName=VCC5 Pin=DAC2-8
Added Pin To Net: NetName=VCC5 Pin=DAC3-8
Added Pin To Net: NetName=VCC5 Pin=DAC4-8
Added Pin To Net: NetName=VCC5 Pin=F2-2
Added Pin To Net: NetName=VCC5 Pin=F3-2
Added Pin To Net: NetName=VCC5 Pin=IC2-16
Added Pin To Net: NetName=VCC5 Pin=IC3-16
Added Pin To Net: NetName=VCC5 Pin=IC4-16
Added Pin To Net: NetName=VCC5 Pin=IC5-16
Added Pin To Net: NetName=VCC5 Pin=LED1-1
Added Pin To Net: NetName=VCC5 Pin=P6-1
Added Pin To Net: NetName=VCC5 Pin=P11-1
Added Pin To Net: NetName=VCC5 Pin=P12-2
Added Pin To Net: NetName=VCC5 Pin=P12-6
Added Pin To Net: NetName=VCC5 Pin=R2-1
Added Pin To Net: NetName=VCC5 Pin=R4-1
Added Pin To Net: NetName=VCC5 Pin=R15-2
Added Pin To Net: NetName=VCC5 Pin=R17-1
Added Pin To Net: NetName=VCC5 Pin=U1-8
Added Pin To Net: NetName=VCC5 Pin=U2-8
Added Pin To Net: NetName=VCC5 Pin=U4-3
Added Pin To Net: NetName=VCC5 Pin=U5-16
Added Net: Name=VCC5
Added Pin To Net: NetName=VCC24 Pin=C10-1
Added Pin To Net: NetName=VCC24 Pin=C*1-1
Added Pin To Net: NetName=VCC24 Pin=Ce2-1
Added Pin To Net: NetName=VCC24 Pin=J1-1
Added Pin To Net: NetName=VCC24 Pin=LED2-1
Added Pin To Net: NetName=VCC24 Pin=P6-3
Added Pin To Net: NetName=VCC24 Pin=P12-1
Added Pin To Net: NetName=VCC24 Pin=P12-5
Added Net: Name=VCC24
Added Pin To Net: NetName=VDDA Pin=C15-2
Added Pin To Net: NetName=VDDA Pin=C16-1
Added Pin To Net: NetName=VDDA Pin=L1-2
Added Pin To Net: NetName=VDDA Pin=U3-13
Added Net: Name=VDDA
Added Pin To Net: NetName=VDD Pin=C14-2
Added Pin To Net: NetName=VDD Pin=C17-1
Added Pin To Net: NetName=VDD Pin=C18-1
Added Pin To Net: NetName=VDD Pin=C19-1
Added Pin To Net: NetName=VDD Pin=C20-2
Added Pin To Net: NetName=VDD Pin=D1-2
Added Pin To Net: NetName=VDD Pin=D2-2
Added Pin To Net: NetName=VDD Pin=F1-2
Added Pin To Net: NetName=VDD Pin=L1-1
Added Pin To Net: NetName=VDD Pin=P7-3
Added Pin To Net: NetName=VDD Pin=P10-4
Added Pin To Net: NetName=VDD Pin=P12-3
Added Pin To Net: NetName=VDD Pin=P12-7
Added Pin To Net: NetName=VDD Pin=R1-2
Added Pin To Net: NetName=VDD Pin=R8-2
Added Pin To Net: NetName=VDD Pin=R11-2
Added Pin To Net: NetName=VDD Pin=R13-1
Added Pin To Net: NetName=VDD Pin=R16-1
Added Pin To Net: NetName=VDD Pin=R19-1
Added Pin To Net: NetName=VDD Pin=R20-1
Added Pin To Net: NetName=VDD Pin=R21-1
Added Pin To Net: NetName=VDD Pin=R22-2
Added Pin To Net: NetName=VDD Pin=U3-1
Added Net: Name=VDD
Added Pin To Net: NetName=VSSA Pin=C15-1
Added Pin To Net: NetName=VSSA Pin=C16-2
Added Pin To Net: NetName=VSSA Pin=L2-2
Added Pin To Net: NetName=VSSA Pin=U3-12
Added Net: Name=VSSA
Added Class: Name=INF_Pro_Interface
Added Class: Name=INF_Processing
