Removed Pin From Net: NetName=LINE8 Pin=P2-1
Removed Pin From Net: NetName=LINE7 Pin=P2-2
Removed Pin From Net: NetName=LINE6 Pin=P2-3
Removed Pin From Net: NetName=LINE5 Pin=P2-4
Removed Pin From Net: NetName=LINE4 Pin=P2-5
Removed Pin From Net: NetName=LINE3 Pin=P2-6
Removed Pin From Net: NetName=LINE2 Pin=P2-7
Removed Pin From Net: NetName=LINE1 Pin=P2-8
Removed Pin From Net: NetName=LINE16 Pin=P3-1
Removed Pin From Net: NetName=LINE15 Pin=P3-2
Removed Pin From Net: NetName=LINE14 Pin=P3-3
Removed Pin From Net: NetName=LINE13 Pin=P3-4
Removed Pin From Net: NetName=LINE12 Pin=P3-5
Removed Pin From Net: NetName=LINE11 Pin=P3-6
Removed Pin From Net: NetName=LINE10 Pin=P3-7
Removed Pin From Net: NetName=LINE9 Pin=P3-8
Removed Pin From Net: NetName=LINE24 Pin=P4-1
Removed Pin From Net: NetName=LINE23 Pin=P4-2
Removed Pin From Net: NetName=LINE22 Pin=P4-3
Removed Pin From Net: NetName=LINE21 Pin=P4-4
Removed Pin From Net: NetName=LINE20 Pin=P4-5
Removed Pin From Net: NetName=LINE19 Pin=P4-6
Removed Pin From Net: NetName=LINE18 Pin=P4-7
Removed Pin From Net: NetName=LINE17 Pin=P4-8
Removed Pin From Net: NetName=CH1 Pin=P5-1
Removed Pin From Net: NetName=CH2 Pin=P5-2
Removed Pin From Net: NetName=CH3 Pin=P5-3
Removed Pin From Net: NetName=CH4 Pin=P5-4
Removed Pin From Net: NetName=CH5 Pin=P5-5
Removed Pin From Net: NetName=CH6 Pin=P5-6
Removed Pin From Net: NetName=CH7 Pin=P5-7
Removed Pin From Net: NetName=CH8 Pin=P5-8
Removed Pin From Net: NetName=BEEP Pin=P9-1
Removed Pin From Net: NetName=INT2 Pin=P9-2
Removed Pin From Net: NetName=INT1 Pin=P9-3
Removed Pin From Net: NetName=595SDK Pin=P9-4
Removed Pin From Net: NetName=595SCL Pin=P9-5
Removed Pin From Net: NetName=595LOAD Pin=P9-6
Removed Pin From Net: NetName=ADC6 Pin=P9-7
Removed Pin From Net: NetName=ADC5 Pin=P9-8
Removed Pin From Net: NetName=ADC4 Pin=P9-9
Removed Pin From Net: NetName=ADC3 Pin=P9-10
Removed Pin From Net: NetName=ADC2 Pin=P9-11
Removed Pin From Net: NetName=ADC1 Pin=P9-12
Added Pin To Net: NetName=LINE1 Pin=P2-1
Added Pin To Net: NetName=LINE2 Pin=P2-2
Added Pin To Net: NetName=LINE3 Pin=P2-3
Added Pin To Net: NetName=LINE4 Pin=P2-4
Added Pin To Net: NetName=LINE5 Pin=P2-5
Added Pin To Net: NetName=LINE6 Pin=P2-6
Added Pin To Net: NetName=LINE7 Pin=P2-7
Added Pin To Net: NetName=LINE8 Pin=P2-8
Added Pin To Net: NetName=LINE9 Pin=P3-1
Added Pin To Net: NetName=LINE10 Pin=P3-2
Added Pin To Net: NetName=LINE11 Pin=P3-3
Added Pin To Net: NetName=LINE12 Pin=P3-4
Added Pin To Net: NetName=LINE13 Pin=P3-5
Added Pin To Net: NetName=LINE14 Pin=P3-6
Added Pin To Net: NetName=LINE15 Pin=P3-7
Added Pin To Net: NetName=LINE16 Pin=P3-8
Added Pin To Net: NetName=LINE17 Pin=P4-1
Added Pin To Net: NetName=LINE18 Pin=P4-2
Added Pin To Net: NetName=LINE19 Pin=P4-3
Added Pin To Net: NetName=LINE20 Pin=P4-4
Added Pin To Net: NetName=LINE21 Pin=P4-5
Added Pin To Net: NetName=LINE22 Pin=P4-6
Added Pin To Net: NetName=LINE23 Pin=P4-7
Added Pin To Net: NetName=LINE24 Pin=P4-8
Added Pin To Net: NetName=CH8 Pin=P5-1
Added Pin To Net: NetName=CH7 Pin=P5-2
Added Pin To Net: NetName=CH6 Pin=P5-3
Added Pin To Net: NetName=CH5 Pin=P5-4
Added Pin To Net: NetName=CH4 Pin=P5-5
Added Pin To Net: NetName=CH3 Pin=P5-6
Added Pin To Net: NetName=CH2 Pin=P5-7
Added Pin To Net: NetName=CH1 Pin=P5-8
Added Pin To Net: NetName=ADC1 Pin=P9-1
Added Pin To Net: NetName=ADC2 Pin=P9-2
Added Pin To Net: NetName=ADC3 Pin=P9-3
Added Pin To Net: NetName=ADC4 Pin=P9-4
Added Pin To Net: NetName=ADC5 Pin=P9-5
Added Pin To Net: NetName=ADC6 Pin=P9-6
Added Pin To Net: NetName=595LOAD Pin=P9-7
Added Pin To Net: NetName=595SCL Pin=P9-8
Added Pin To Net: NetName=595SDK Pin=P9-9
Added Pin To Net: NetName=INT1 Pin=P9-10
Added Pin To Net: NetName=INT2 Pin=P9-11
Added Pin To Net: NetName=BEEP Pin=P9-12
