Change Component Designator: Old Designator=C12 New Designator=C14
Change Component Designator: Old Designator=C13 New Designator=C15
Change Component Designator: Old Designator=C14 New Designator=C16
Change Component Designator: Old Designator=C15 New Designator=C17
Change Component Designator: Old Designator=C16 New Designator=C18
Change Component Designator: Old Designator=C17 New Designator=C19
Change Component Designator: Old Designator=C18 New Designator=C20
Change Component Designator: Old Designator=C19 New Designator=C23
Change Component Designator: Old Designator=C20 New Designator=C24
Change Component Designator: Old Designator=C21 New Designator=C11
Change Component Designator: Old Designator=C22 New Designator=C12
Change Component Designator: Old Designator=C23 New Designator=C13
Change Component Designator: Old Designator=C26 New Designator=C21
Change Component Designator: Old Designator=C27 New Designator=C22
Change Component Designator: Old Designator=C* New Designator=C*1
Change Component Designator: Old Designator=C? New Designator=C10
Change Component Designator: Old Designator=Ce? New Designator=Ce2
Change Component Designator: Old Designator=D21 New Designator=D1
Change Component Designator: Old Designator=D22 New Designator=D2
Change Component Designator: Old Designator=D25 New Designator=D3
Change Component Designator: Old Designator=D27 New Designator=D4
Change Component Designator: Old Designator=J? New Designator=J1
Change Component Designator: Old Designator=K2 New Designator=K1
Change Component Designator: Old Designator=LED2 New Designator=LED5
Change Component Designator: Old Designator=LED3 New Designator=LED1
Change Component Designator: Old Designator=LED5 New Designator=LED3
Change Component Designator: Old Designator=LED6 New Designator=LED4
Change Component Designator: Old Designator=P10 New Designator=P6
Change Component Designator: Old Designator=P12 New Designator=P8
Change Component Designator: Old Designator=P12 New Designator=P9
Change Component Designator: Old Designator=P14 New Designator=P10
Change Component Designator: Old Designator=P15 New Designator=P11
Change Component Designator: Old Designator=P16 New Designator=P7
Change Component Designator: Old Designator=R47 New Designator=R12
Change Component Designator: Old Designator=R66 New Designator=R8
Change Component Designator: Old Designator=R67 New Designator=R9
Change Component Designator: Old Designator=R70 New Designator=R22
Change Component Designator: Old Designator=R73 New Designator=R10
Change Component Designator: Old Designator=R74 New Designator=R11
Change Component Designator: Old Designator=R76 New Designator=R13
Change Component Designator: Old Designator=R80 New Designator=R14
Change Component Designator: Old Designator=R81 New Designator=R16
Change Component Designator: Old Designator=R83 New Designator=R15
Change Component Designator: Old Designator=R84 New Designator=R17
Change Component Designator: Old Designator=R85 New Designator=R18
Change Component Designator: Old Designator=R86 New Designator=R19
Change Component Designator: Old Designator=R87 New Designator=R20
Change Component Designator: Old Designator=R88 New Designator=R21
Change Component Designator: Old Designator=U7 New Designator=U5
Change Component Designator: Old Designator=Y1 New Designator=Y2
Change Component Designator: Old Designator=Y2 New Designator=Y1
