Change Component Designator: Old Designator=BE New Designator=BE1
Change Component Designator: Old Designator=C1 New Designator=C15
Change Component Designator: Old Designator=C2 New Designator=C16
Change Component Designator: Old Designator=C3 New Designator=C17
Change Component Designator: Old Designator=C4 New Designator=C18
Change Component Designator: Old Designator=C5 New Designator=C19
Change Component Designator: Old Designator=C6 New Designator=C20
Change Component Designator: Old Designator=C7 New Designator=C25
Change Component Designator: Old Designator=C8 New Designator=C14
Change Component Designator: Old Designator=C9 New Designator=C12
Change Component Designator: Old Designator=C10 New Designator=C13
Change Component Designator: Old Designator=C11 New Designator=C29
Change Component Designator: Old Designator=C12 New Designator=C28
Change Component Designator: Old Designator=C14 New Designator=C7
Change Component Designator: Old Designator=C15 New Designator=C6
Change Component Designator: Old Designator=C25 New Designator=C8
Change Component Designator: Old Designator=C26 New Designator=C11
Change Component Designator: Old Designator=C27 New Designator=C9
Change Component Designator: Old Designator=C28 New Designator=C10
Change Component Designator: Old Designator=C38 New Designator=C21
Change Component Designator: Old Designator=C39 New Designator=C22
Change Component Designator: Old Designator=C40 New Designator=C23
Change Component Designator: Old Designator=C41 New Designator=C26
Change Component Designator: Old Designator=C42 New Designator=C27
Change Component Designator: Old Designator=D0 New Designator=D25
Change Component Designator: Old Designator=D1 New Designator=D27
Change Component Designator: Old Designator=D3 New Designator=D26
Change Component Designator: Old Designator=D14 New Designator=D21
Change Component Designator: Old Designator=D15 New Designator=D22
Change Component Designator: Old Designator=D26 New Designator=D23
Change Component Designator: Old Designator=D27 New Designator=D24
Change Component Designator: Old Designator=DK New Designator=DK1
Change Component Designator: Old Designator=F1 New Designator=F2
Change Component Designator: Old Designator=F2 New Designator=F4
Change Component Designator: Old Designator=F4 New Designator=F1
Change Component Designator: Old Designator=H0 New Designator=H1
Change Component Designator: Old Designator=H1 New Designator=H2
Change Component Designator: Old Designator=H2 New Designator=H3
Change Component Designator: Old Designator=H3 New Designator=H4
Change Component Designator: Old Designator=JS5 New Designator=JS1
Change Component Designator: Old Designator=JS24 New Designator=JS2
Change Component Designator: Old Designator=K0 New Designator=K2
Change Component Designator: Old Designator=LED1 New Designator=LED4
Change Component Designator: Old Designator=LED2 New Designator=LED3
Change Component Designator: Old Designator=LED4 New Designator=LED7
Change Component Designator: Old Designator=LED7 New Designator=LED2
Change Component Designator: Old Designator=P1 New Designator=P14
Change Component Designator: Old Designator=P2 New Designator=P16
Change Component Designator: Old Designator=P3 New Designator=P15
Change Component Designator: Old Designator=P4 New Designator=P17
Change Component Designator: Old Designator=P5 New Designator=P11
Change Component Designator: Old Designator=P6 New Designator=P12
Change Component Designator: Old Designator=P7 New Designator=P13
Change Component Designator: Old Designator=R00 New Designator=R71
Change Component Designator: Old Designator=R01 New Designator=R72
Change Component Designator: Old Designator=R1 New Designator=R80
Change Component Designator: Old Designator=R2 New Designator=R67
Change Component Designator: Old Designator=R02 New Designator=R75
Change Component Designator: Old Designator=R3 New Designator=R86
Change Component Designator: Old Designator=R4 New Designator=R85
Change Component Designator: Old Designator=R5 New Designator=R76
Change Component Designator: Old Designator=R6 New Designator=R81
Change Component Designator: Old Designator=R7 New Designator=R66
Change Component Designator: Old Designator=R8 New Designator=R74
Change Component Designator: Old Designator=R9 New Designator=R87
Change Component Designator: Old Designator=R10 New Designator=R88
Change Component Designator: Old Designator=R11 New Designator=R83
Change Component Designator: Old Designator=R12 New Designator=R84
Change Component Designator: Old Designator=R15 New Designator=R89
Change Component Designator: Old Designator=R40 New Designator=R68
Change Component Designator: Old Designator=R41 New Designator=R69
Change Component Designator: Old Designator=R42 New Designator=R79
Change Component Designator: Old Designator=R43 New Designator=R78
Change Component Designator: Old Designator=R44 New Designator=R82
Change Component Designator: Old Designator=R45 New Designator=R77
Change Component Designator: Old Designator=R46 New Designator=R73
Change Component Designator: Old Designator=R47 New Designator=R70
Change Component Designator: Old Designator=U1 New Designator=U3
Change Component Designator: Old Designator=U2 New Designator=U4
Change Component Designator: Old Designator=U3 New Designator=U5
Change Component Designator: Old Designator=U4 New Designator=U6
Change Component Designator: Old Designator=U6 New Designator=U7
Change Component Designator: Old Designator=Y1 New Designator=Y2
Change Component Designator: Old Designator=Y2 New Designator=Y1
